Determining if the pthread_create exist failed with the following output:
Change Dir: /home/alessio/Desktop/progetto-labiagi/catkin_ws/build/set_goal/CMakeFiles/CMakeTmp

Run Build Command:"/usr/bin/make" "cmTC_f9d7b/fast"
/usr/bin/make -f CMakeFiles/cmTC_f9d7b.dir/build.make CMakeFiles/cmTC_f9d7b.dir/build
make[1]: Entering directory '/home/alessio/Desktop/progetto-labiagi/catkin_ws/build/set_goal/CMakeFiles/CMakeTmp'
Building C object CMakeFiles/cmTC_f9d7b.dir/CheckSymbolExists.c.o
/usr/bin/cc    -o CMakeFiles/cmTC_f9d7b.dir/CheckSymbolExists.c.o   -c /home/alessio/Desktop/progetto-labiagi/catkin_ws/build/set_goal/CMakeFiles/CMakeTmp/CheckSymbolExists.c
Linking C executable cmTC_f9d7b
/usr/bin/cmake -E cmake_link_script CMakeFiles/cmTC_f9d7b.dir/link.txt --verbose=1
/usr/bin/cc      -rdynamic CMakeFiles/cmTC_f9d7b.dir/CheckSymbolExists.c.o  -o cmTC_f9d7b 
CMakeFiles/cmTC_f9d7b.dir/CheckSymbolExists.c.o: In function `main':
CheckSymbolExists.c:(.text+0x1b): undefined reference to `pthread_create'
collect2: error: ld returned 1 exit status
CMakeFiles/cmTC_f9d7b.dir/build.make:97: recipe for target 'cmTC_f9d7b' failed
make[1]: *** [cmTC_f9d7b] Error 1
make[1]: Leaving directory '/home/alessio/Desktop/progetto-labiagi/catkin_ws/build/set_goal/CMakeFiles/CMakeTmp'
Makefile:126: recipe for target 'cmTC_f9d7b/fast' failed
make: *** [cmTC_f9d7b/fast] Error 2

File /home/alessio/Desktop/progetto-labiagi/catkin_ws/build/set_goal/CMakeFiles/CMakeTmp/CheckSymbolExists.c:
/* */
#include <pthread.h>

int main(int argc, char** argv)
{
  (void)argv;
#ifndef pthread_create
  return ((int*)(&pthread_create))[argc];
#else
  (void)argc;
  return 0;
#endif
}

Determining if the function pthread_create exists in the pthreads failed with the following output:
Change Dir: /home/alessio/Desktop/progetto-labiagi/catkin_ws/build/set_goal/CMakeFiles/CMakeTmp

Run Build Command:"/usr/bin/make" "cmTC_91334/fast"
/usr/bin/make -f CMakeFiles/cmTC_91334.dir/build.make CMakeFiles/cmTC_91334.dir/build
make[1]: Entering directory '/home/alessio/Desktop/progetto-labiagi/catkin_ws/build/set_goal/CMakeFiles/CMakeTmp'
Building C object CMakeFiles/cmTC_91334.dir/CheckFunctionExists.c.o
/usr/bin/cc   -DCHECK_FUNCTION_EXISTS=pthread_create   -o CMakeFiles/cmTC_91334.dir/CheckFunctionExists.c.o   -c /usr/share/cmake-3.10/Modules/CheckFunctionExists.c
Linking C executable cmTC_91334
/usr/bin/cmake -E cmake_link_script CMakeFiles/cmTC_91334.dir/link.txt --verbose=1
/usr/bin/cc  -DCHECK_FUNCTION_EXISTS=pthread_create    -rdynamic CMakeFiles/cmTC_91334.dir/CheckFunctionExists.c.o  -o cmTC_91334 -lpthreads 
/usr/bin/ld: cannot find -lpthreads
collect2: error: ld returned 1 exit status
CMakeFiles/cmTC_91334.dir/build.make:97: recipe for target 'cmTC_91334' failed
make[1]: *** [cmTC_91334] Error 1
make[1]: Leaving directory '/home/alessio/Desktop/progetto-labiagi/catkin_ws/build/set_goal/CMakeFiles/CMakeTmp'
Makefile:126: recipe for target 'cmTC_91334/fast' failed
make: *** [cmTC_91334/fast] Error 2


