Determining if the pthread_create exist failed with the following output:
Change Dir: /home/alessiohu/Desktop/progetto-labiagi/catkin_ws/build/srrg2_solver_experiments/CMakeFiles/CMakeTmp

Run Build Command:"/usr/bin/make" "cmTC_8696c/fast"
/usr/bin/make -f CMakeFiles/cmTC_8696c.dir/build.make CMakeFiles/cmTC_8696c.dir/build
make[1]: Entering directory '/home/alessiohu/Desktop/progetto-labiagi/catkin_ws/build/srrg2_solver_experiments/CMakeFiles/CMakeTmp'
Building C object CMakeFiles/cmTC_8696c.dir/CheckSymbolExists.c.o
/usr/bin/cc    -o CMakeFiles/cmTC_8696c.dir/CheckSymbolExists.c.o   -c /home/alessiohu/Desktop/progetto-labiagi/catkin_ws/build/srrg2_solver_experiments/CMakeFiles/CMakeTmp/CheckSymbolExists.c
Linking C executable cmTC_8696c
/usr/bin/cmake -E cmake_link_script CMakeFiles/cmTC_8696c.dir/link.txt --verbose=1
/usr/bin/cc      -rdynamic CMakeFiles/cmTC_8696c.dir/CheckSymbolExists.c.o  -o cmTC_8696c 
CMakeFiles/cmTC_8696c.dir/CheckSymbolExists.c.o: In function `main':
CheckSymbolExists.c:(.text+0x1b): undefined reference to `pthread_create'
collect2: error: ld returned 1 exit status
CMakeFiles/cmTC_8696c.dir/build.make:97: recipe for target 'cmTC_8696c' failed
make[1]: *** [cmTC_8696c] Error 1
make[1]: Leaving directory '/home/alessiohu/Desktop/progetto-labiagi/catkin_ws/build/srrg2_solver_experiments/CMakeFiles/CMakeTmp'
Makefile:126: recipe for target 'cmTC_8696c/fast' failed
make: *** [cmTC_8696c/fast] Error 2

File /home/alessiohu/Desktop/progetto-labiagi/catkin_ws/build/srrg2_solver_experiments/CMakeFiles/CMakeTmp/CheckSymbolExists.c:
/* */
#include <pthread.h>

int main(int argc, char** argv)
{
  (void)argv;
#ifndef pthread_create
  return ((int*)(&pthread_create))[argc];
#else
  (void)argc;
  return 0;
#endif
}

Determining if the function pthread_create exists in the pthreads failed with the following output:
Change Dir: /home/alessiohu/Desktop/progetto-labiagi/catkin_ws/build/srrg2_solver_experiments/CMakeFiles/CMakeTmp

Run Build Command:"/usr/bin/make" "cmTC_6c249/fast"
/usr/bin/make -f CMakeFiles/cmTC_6c249.dir/build.make CMakeFiles/cmTC_6c249.dir/build
make[1]: Entering directory '/home/alessiohu/Desktop/progetto-labiagi/catkin_ws/build/srrg2_solver_experiments/CMakeFiles/CMakeTmp'
Building C object CMakeFiles/cmTC_6c249.dir/CheckFunctionExists.c.o
/usr/bin/cc   -DCHECK_FUNCTION_EXISTS=pthread_create   -o CMakeFiles/cmTC_6c249.dir/CheckFunctionExists.c.o   -c /usr/share/cmake-3.10/Modules/CheckFunctionExists.c
Linking C executable cmTC_6c249
/usr/bin/cmake -E cmake_link_script CMakeFiles/cmTC_6c249.dir/link.txt --verbose=1
/usr/bin/cc  -DCHECK_FUNCTION_EXISTS=pthread_create    -rdynamic CMakeFiles/cmTC_6c249.dir/CheckFunctionExists.c.o  -o cmTC_6c249 -lpthreads 
/usr/bin/ld: cannot find -lpthreads
collect2: error: ld returned 1 exit status
CMakeFiles/cmTC_6c249.dir/build.make:97: recipe for target 'cmTC_6c249' failed
make[1]: *** [cmTC_6c249] Error 1
make[1]: Leaving directory '/home/alessiohu/Desktop/progetto-labiagi/catkin_ws/build/srrg2_solver_experiments/CMakeFiles/CMakeTmp'
Makefile:126: recipe for target 'cmTC_6c249/fast' failed
make: *** [cmTC_6c249/fast] Error 2


