Determining if the pthread_create exist failed with the following output:
Change Dir: /home/alessio/Desktop/progetto-labiagi/catkin_ws/build/srrg2_navigation_2d/CMakeFiles/CMakeTmp

Run Build Command:"/usr/bin/make" "cmTC_2d63d/fast"
/usr/bin/make -f CMakeFiles/cmTC_2d63d.dir/build.make CMakeFiles/cmTC_2d63d.dir/build
make[1]: Entering directory '/home/alessio/Desktop/progetto-labiagi/catkin_ws/build/srrg2_navigation_2d/CMakeFiles/CMakeTmp'
Building C object CMakeFiles/cmTC_2d63d.dir/CheckSymbolExists.c.o
/usr/bin/cc    -o CMakeFiles/cmTC_2d63d.dir/CheckSymbolExists.c.o   -c /home/alessio/Desktop/progetto-labiagi/catkin_ws/build/srrg2_navigation_2d/CMakeFiles/CMakeTmp/CheckSymbolExists.c
Linking C executable cmTC_2d63d
/usr/bin/cmake -E cmake_link_script CMakeFiles/cmTC_2d63d.dir/link.txt --verbose=1
/usr/bin/cc      -rdynamic CMakeFiles/cmTC_2d63d.dir/CheckSymbolExists.c.o  -o cmTC_2d63d 
CMakeFiles/cmTC_2d63d.dir/CheckSymbolExists.c.o: In function `main':
CheckSymbolExists.c:(.text+0x1b): undefined reference to `pthread_create'
collect2: error: ld returned 1 exit status
CMakeFiles/cmTC_2d63d.dir/build.make:97: recipe for target 'cmTC_2d63d' failed
make[1]: *** [cmTC_2d63d] Error 1
make[1]: Leaving directory '/home/alessio/Desktop/progetto-labiagi/catkin_ws/build/srrg2_navigation_2d/CMakeFiles/CMakeTmp'
Makefile:126: recipe for target 'cmTC_2d63d/fast' failed
make: *** [cmTC_2d63d/fast] Error 2

File /home/alessio/Desktop/progetto-labiagi/catkin_ws/build/srrg2_navigation_2d/CMakeFiles/CMakeTmp/CheckSymbolExists.c:
/* */
#include <pthread.h>

int main(int argc, char** argv)
{
  (void)argv;
#ifndef pthread_create
  return ((int*)(&pthread_create))[argc];
#else
  (void)argc;
  return 0;
#endif
}

Determining if the function pthread_create exists in the pthreads failed with the following output:
Change Dir: /home/alessio/Desktop/progetto-labiagi/catkin_ws/build/srrg2_navigation_2d/CMakeFiles/CMakeTmp

Run Build Command:"/usr/bin/make" "cmTC_ae6fc/fast"
/usr/bin/make -f CMakeFiles/cmTC_ae6fc.dir/build.make CMakeFiles/cmTC_ae6fc.dir/build
make[1]: Entering directory '/home/alessio/Desktop/progetto-labiagi/catkin_ws/build/srrg2_navigation_2d/CMakeFiles/CMakeTmp'
Building C object CMakeFiles/cmTC_ae6fc.dir/CheckFunctionExists.c.o
/usr/bin/cc   -DCHECK_FUNCTION_EXISTS=pthread_create   -o CMakeFiles/cmTC_ae6fc.dir/CheckFunctionExists.c.o   -c /usr/share/cmake-3.10/Modules/CheckFunctionExists.c
Linking C executable cmTC_ae6fc
/usr/bin/cmake -E cmake_link_script CMakeFiles/cmTC_ae6fc.dir/link.txt --verbose=1
/usr/bin/cc  -DCHECK_FUNCTION_EXISTS=pthread_create    -rdynamic CMakeFiles/cmTC_ae6fc.dir/CheckFunctionExists.c.o  -o cmTC_ae6fc -lpthreads 
/usr/bin/ld: cannot find -lpthreads
collect2: error: ld returned 1 exit status
CMakeFiles/cmTC_ae6fc.dir/build.make:97: recipe for target 'cmTC_ae6fc' failed
make[1]: *** [cmTC_ae6fc] Error 1
make[1]: Leaving directory '/home/alessio/Desktop/progetto-labiagi/catkin_ws/build/srrg2_navigation_2d/CMakeFiles/CMakeTmp'
Makefile:126: recipe for target 'cmTC_ae6fc/fast' failed
make: *** [cmTC_ae6fc/fast] Error 2


