[  0%] Built target std_msgs_generate_messages_nodejs
[  0%] Built target std_msgs_generate_messages_py
[  0%] Built target _srrg2_core_ros_generate_messages_check_deps_PlannerStatusMessage
[  0%] Built target std_msgs_generate_messages_eus
[  0%] Built target _srrg2_core_ros_generate_messages_check_deps_ViewerBufferMessage
[  0%] Built target std_msgs_generate_messages_lisp
[  0%] Built target std_msgs_generate_messages_cpp
[  0%] Built target sensor_msgs_generate_messages_nodejs
[  0%] Built target actionlib_generate_messages_cpp
[  0%] Built target roscpp_generate_messages_cpp
[  0%] Built target rosgraph_msgs_generate_messages_lisp
[  0%] Built target topic_tools_generate_messages_cpp
[  0%] Built target geometry_msgs_generate_messages_eus
[  0%] Built target sensor_msgs_generate_messages_py
[  0%] Built target tf_generate_messages_py
[  0%] Built target sensor_msgs_generate_messages_eus
[  0%] Built target sensor_msgs_generate_messages_cpp
[  0%] Built target nav_msgs_generate_messages_nodejs
[  0%] Built target roscpp_generate_messages_nodejs
[  0%] Built target rosgraph_msgs_generate_messages_cpp
[  0%] Built target rosgraph_msgs_generate_messages_eus
[  0%] Built target roscpp_generate_messages_py
[  0%] Built target geometry_msgs_generate_messages_nodejs
[  0%] Built target std_srvs_generate_messages_eus
[  0%] Built target geometry_msgs_generate_messages_lisp
[  0%] Built target roscpp_generate_messages_lisp
[  0%] Built target tf_generate_messages_lisp
[  0%] Built target tf_generate_messages_nodejs
[  0%] Built target geometry_msgs_generate_messages_py
[  0%] Built target rosgraph_msgs_generate_messages_nodejs
[  0%] Built target geometry_msgs_generate_messages_cpp
[  0%] Built target actionlib_generate_messages_eus
[  0%] Built target actionlib_generate_messages_lisp
[  0%] Built target std_srvs_generate_messages_nodejs
[  0%] Built target actionlib_generate_messages_nodejs
[  0%] Built target tf_generate_messages_cpp
[  0%] Built target topic_tools_generate_messages_nodejs
[  0%] Built target tf_generate_messages_eus
[  0%] Built target actionlib_msgs_generate_messages_cpp
[  0%] Built target std_srvs_generate_messages_cpp
[  0%] Built target roscpp_generate_messages_eus
[  0%] Built target rosgraph_msgs_generate_messages_py
[  0%] Built target actionlib_msgs_generate_messages_eus
[  0%] Built target actionlib_msgs_generate_messages_lisp
[  0%] Built target actionlib_msgs_generate_messages_py
[  0%] Built target tf2_msgs_generate_messages_cpp
[  0%] Built target actionlib_generate_messages_py
[  0%] Built target sensor_msgs_generate_messages_lisp
[  0%] Built target tf2_msgs_generate_messages_py
[  0%] Built target tf2_msgs_generate_messages_nodejs
[  0%] Built target nav_msgs_generate_messages_cpp
[  0%] Built target tf2_msgs_generate_messages_eus
[  0%] Built target nav_msgs_generate_messages_py
[  0%] Built target nav_msgs_generate_messages_eus
[  0%] Built target nav_msgs_generate_messages_lisp
[  0%] Built target tf2_msgs_generate_messages_lisp
[  0%] Built target _catkin_empty_exported_target
[  0%] Built target std_srvs_generate_messages_lisp
[  0%] Built target topic_tools_generate_messages_lisp
[  0%] Built target std_srvs_generate_messages_py
[  0%] Built target actionlib_msgs_generate_messages_nodejs
[  0%] Built target topic_tools_generate_messages_eus
[  0%] Built target topic_tools_generate_messages_py
[  3%] Built target srrg2_core_ros_generate_messages_nodejs
[  6%] Built target bag_creator_test
[ 10%] Built target srrg2_core_ros_generate_messages_py
[ 15%] Built target srrg2_core_ros_generate_messages_eus
[ 18%] Built target srrg2_core_ros_generate_messages_cpp
[ 21%] Built target srrg2_core_ros_generate_messages_lisp
[ 21%] Built target srrg2_core_ros_generate_messages
[ 25%] Built target srrg2_converters_library
[ 32%] Built target srrg2_viewer_core_ros_library
[ 35%] Built target get_all_topics_test
[ 42%] Built target buffer_message_test
[ 42%] Built target generic_listener_node_test
[ 45%] Built target conversion_in_place_test
[ 48%] Built target tf_listener_node_test
[ 51%] Built target tf_listener_playback_test
[ 56%] Built target srrg2_viewer_ros_library
[ 65%] Built target srrg2_messages_ros_library
[ 68%] Built target buffer_source_ros_test
[ 71%] Built target buffer_sink_ros_test
[ 75%] Built target rosbag_to_srrg_converter_app
[ 78%] Built target srrg_to_rosbag_converter_app
[ 84%] Built target srrg_to_ros_publisher_node
[ 87%] Built target ros_to_srrg_listener_node
[ 87%] Built target extract_gt_from_ros
[ 90%] Built target tf_from_source_test
[ 93%] Built target tf_publisher_node_test
[ 96%] Built target message_source_platform_test
[100%] Built target message_source_ros_test
