Linked: (/home/alessiohu/Desktop/progetto-labiagi/catkin_ws/devel/.private/srrg2_core_ros/share/common-lisp/ros/srrg2_core_ros/msg/srrg2_core_ros-msg.asd, /home/alessiohu/Desktop/progetto-labiagi/catkin_ws/devel/share/common-lisp/ros/srrg2_core_ros/msg/srrg2_core_ros-msg.asd)
Linked: (/home/alessiohu/Desktop/progetto-labiagi/catkin_ws/devel/.private/srrg2_core_ros/share/common-lisp/ros/srrg2_core_ros/msg/_package.lisp, /home/alessiohu/Desktop/progetto-labiagi/catkin_ws/devel/share/common-lisp/ros/srrg2_core_ros/msg/_package.lisp)
Linked: (/home/alessiohu/Desktop/progetto-labiagi/catkin_ws/devel/.private/srrg2_core_ros/share/common-lisp/ros/srrg2_core_ros/msg/_package_ViewerBufferMessage.lisp, /home/alessiohu/Desktop/progetto-labiagi/catkin_ws/devel/share/common-lisp/ros/srrg2_core_ros/msg/_package_ViewerBufferMessage.lisp)
Linked: (/home/alessiohu/Desktop/progetto-labiagi/catkin_ws/devel/.private/srrg2_core_ros/share/common-lisp/ros/srrg2_core_ros/msg/PlannerStatusMessage.lisp, /home/alessiohu/Desktop/progetto-labiagi/catkin_ws/devel/share/common-lisp/ros/srrg2_core_ros/msg/PlannerStatusMessage.lisp)
Linked: (/home/alessiohu/Desktop/progetto-labiagi/catkin_ws/devel/.private/srrg2_core_ros/share/common-lisp/ros/srrg2_core_ros/msg/ViewerBufferMessage.lisp, /home/alessiohu/Desktop/progetto-labiagi/catkin_ws/devel/share/common-lisp/ros/srrg2_core_ros/msg/ViewerBufferMessage.lisp)
Linked: (/home/alessiohu/Desktop/progetto-labiagi/catkin_ws/devel/.private/srrg2_core_ros/share/common-lisp/ros/srrg2_core_ros/msg/_package_PlannerStatusMessage.lisp, /home/alessiohu/Desktop/progetto-labiagi/catkin_ws/devel/share/common-lisp/ros/srrg2_core_ros/msg/_package_PlannerStatusMessage.lisp)
Linked: (/home/alessiohu/Desktop/progetto-labiagi/catkin_ws/devel/.private/srrg2_core_ros/share/gennodejs/ros/srrg2_core_ros/_index.js, /home/alessiohu/Desktop/progetto-labiagi/catkin_ws/devel/share/gennodejs/ros/srrg2_core_ros/_index.js)
Linked: (/home/alessiohu/Desktop/progetto-labiagi/catkin_ws/devel/.private/srrg2_core_ros/share/gennodejs/ros/srrg2_core_ros/msg/ViewerBufferMessage.js, /home/alessiohu/Desktop/progetto-labiagi/catkin_ws/devel/share/gennodejs/ros/srrg2_core_ros/msg/ViewerBufferMessage.js)
Linked: (/home/alessiohu/Desktop/progetto-labiagi/catkin_ws/devel/.private/srrg2_core_ros/share/gennodejs/ros/srrg2_core_ros/msg/PlannerStatusMessage.js, /home/alessiohu/Desktop/progetto-labiagi/catkin_ws/devel/share/gennodejs/ros/srrg2_core_ros/msg/PlannerStatusMessage.js)
Linked: (/home/alessiohu/Desktop/progetto-labiagi/catkin_ws/devel/.private/srrg2_core_ros/share/gennodejs/ros/srrg2_core_ros/msg/_index.js, /home/alessiohu/Desktop/progetto-labiagi/catkin_ws/devel/share/gennodejs/ros/srrg2_core_ros/msg/_index.js)
Linked: (/home/alessiohu/Desktop/progetto-labiagi/catkin_ws/devel/.private/srrg2_core_ros/share/srrg2_core_ros/cmake/srrg2_core_ros-msg-paths.cmake, /home/alessiohu/Desktop/progetto-labiagi/catkin_ws/devel/share/srrg2_core_ros/cmake/srrg2_core_ros-msg-paths.cmake)
Linked: (/home/alessiohu/Desktop/progetto-labiagi/catkin_ws/devel/.private/srrg2_core_ros/share/srrg2_core_ros/cmake/srrg2_core_rosConfig-version.cmake, /home/alessiohu/Desktop/progetto-labiagi/catkin_ws/devel/share/srrg2_core_ros/cmake/srrg2_core_rosConfig-version.cmake)
Linked: (/home/alessiohu/Desktop/progetto-labiagi/catkin_ws/devel/.private/srrg2_core_ros/share/srrg2_core_ros/cmake/srrg2_core_ros-msg-extras.cmake, /home/alessiohu/Desktop/progetto-labiagi/catkin_ws/devel/share/srrg2_core_ros/cmake/srrg2_core_ros-msg-extras.cmake)
Linked: (/home/alessiohu/Desktop/progetto-labiagi/catkin_ws/devel/.private/srrg2_core_ros/share/srrg2_core_ros/cmake/srrg2_core_rosConfig.cmake, /home/alessiohu/Desktop/progetto-labiagi/catkin_ws/devel/share/srrg2_core_ros/cmake/srrg2_core_rosConfig.cmake)
Linked: (/home/alessiohu/Desktop/progetto-labiagi/catkin_ws/devel/.private/srrg2_core_ros/share/roseus/ros/srrg2_core_ros/manifest.l, /home/alessiohu/Desktop/progetto-labiagi/catkin_ws/devel/share/roseus/ros/srrg2_core_ros/manifest.l)
Linked: (/home/alessiohu/Desktop/progetto-labiagi/catkin_ws/devel/.private/srrg2_core_ros/share/roseus/ros/srrg2_core_ros/msg/PlannerStatusMessage.l, /home/alessiohu/Desktop/progetto-labiagi/catkin_ws/devel/share/roseus/ros/srrg2_core_ros/msg/PlannerStatusMessage.l)
Linked: (/home/alessiohu/Desktop/progetto-labiagi/catkin_ws/devel/.private/srrg2_core_ros/share/roseus/ros/srrg2_core_ros/msg/ViewerBufferMessage.l, /home/alessiohu/Desktop/progetto-labiagi/catkin_ws/devel/share/roseus/ros/srrg2_core_ros/msg/ViewerBufferMessage.l)
Linked: (/home/alessiohu/Desktop/progetto-labiagi/catkin_ws/devel/.private/srrg2_core_ros/lib/libsrrg2_messages_ros_library.so, /home/alessiohu/Desktop/progetto-labiagi/catkin_ws/devel/lib/libsrrg2_messages_ros_library.so)
Linked: (/home/alessiohu/Desktop/progetto-labiagi/catkin_ws/devel/.private/srrg2_core_ros/lib/libsrrg2_viewer_ros_library.so, /home/alessiohu/Desktop/progetto-labiagi/catkin_ws/devel/lib/libsrrg2_viewer_ros_library.so)
Linked: (/home/alessiohu/Desktop/progetto-labiagi/catkin_ws/devel/.private/srrg2_core_ros/lib/libsrrg2_converters_library.so, /home/alessiohu/Desktop/progetto-labiagi/catkin_ws/devel/lib/libsrrg2_converters_library.so)
Linked: (/home/alessiohu/Desktop/progetto-labiagi/catkin_ws/devel/.private/srrg2_core_ros/lib/libsrrg2_viewer_core_ros_library.so, /home/alessiohu/Desktop/progetto-labiagi/catkin_ws/devel/lib/libsrrg2_viewer_core_ros_library.so)
Linked: (/home/alessiohu/Desktop/progetto-labiagi/catkin_ws/devel/.private/srrg2_core_ros/lib/pkgconfig/srrg2_core_ros.pc, /home/alessiohu/Desktop/progetto-labiagi/catkin_ws/devel/lib/pkgconfig/srrg2_core_ros.pc)
Linked: (/home/alessiohu/Desktop/progetto-labiagi/catkin_ws/devel/.private/srrg2_core_ros/lib/srrg2_core_ros/buffer_message_test, /home/alessiohu/Desktop/progetto-labiagi/catkin_ws/devel/lib/srrg2_core_ros/buffer_message_test)
Linked: (/home/alessiohu/Desktop/progetto-labiagi/catkin_ws/devel/.private/srrg2_core_ros/lib/srrg2_core_ros/rosbag_to_srrg_converter_app, /home/alessiohu/Desktop/progetto-labiagi/catkin_ws/devel/lib/srrg2_core_ros/rosbag_to_srrg_converter_app)
Linked: (/home/alessiohu/Desktop/progetto-labiagi/catkin_ws/devel/.private/srrg2_core_ros/lib/srrg2_core_ros/tf_from_source_test, /home/alessiohu/Desktop/progetto-labiagi/catkin_ws/devel/lib/srrg2_core_ros/tf_from_source_test)
Linked: (/home/alessiohu/Desktop/progetto-labiagi/catkin_ws/devel/.private/srrg2_core_ros/lib/srrg2_core_ros/tf_publisher_node_test, /home/alessiohu/Desktop/progetto-labiagi/catkin_ws/devel/lib/srrg2_core_ros/tf_publisher_node_test)
Linked: (/home/alessiohu/Desktop/progetto-labiagi/catkin_ws/devel/.private/srrg2_core_ros/lib/srrg2_core_ros/generic_listener_node_test, /home/alessiohu/Desktop/progetto-labiagi/catkin_ws/devel/lib/srrg2_core_ros/generic_listener_node_test)
Linked: (/home/alessiohu/Desktop/progetto-labiagi/catkin_ws/devel/.private/srrg2_core_ros/lib/srrg2_core_ros/get_all_topics_test, /home/alessiohu/Desktop/progetto-labiagi/catkin_ws/devel/lib/srrg2_core_ros/get_all_topics_test)
Linked: (/home/alessiohu/Desktop/progetto-labiagi/catkin_ws/devel/.private/srrg2_core_ros/lib/srrg2_core_ros/buffer_source_ros_test, /home/alessiohu/Desktop/progetto-labiagi/catkin_ws/devel/lib/srrg2_core_ros/buffer_source_ros_test)
Linked: (/home/alessiohu/Desktop/progetto-labiagi/catkin_ws/devel/.private/srrg2_core_ros/lib/srrg2_core_ros/message_source_platform_test, /home/alessiohu/Desktop/progetto-labiagi/catkin_ws/devel/lib/srrg2_core_ros/message_source_platform_test)
Linked: (/home/alessiohu/Desktop/progetto-labiagi/catkin_ws/devel/.private/srrg2_core_ros/lib/srrg2_core_ros/conversion_in_place_test, /home/alessiohu/Desktop/progetto-labiagi/catkin_ws/devel/lib/srrg2_core_ros/conversion_in_place_test)
Linked: (/home/alessiohu/Desktop/progetto-labiagi/catkin_ws/devel/.private/srrg2_core_ros/lib/srrg2_core_ros/srrg_to_ros_publisher_node, /home/alessiohu/Desktop/progetto-labiagi/catkin_ws/devel/lib/srrg2_core_ros/srrg_to_ros_publisher_node)
Linked: (/home/alessiohu/Desktop/progetto-labiagi/catkin_ws/devel/.private/srrg2_core_ros/lib/srrg2_core_ros/ros_to_srrg_listener_node, /home/alessiohu/Desktop/progetto-labiagi/catkin_ws/devel/lib/srrg2_core_ros/ros_to_srrg_listener_node)
Linked: (/home/alessiohu/Desktop/progetto-labiagi/catkin_ws/devel/.private/srrg2_core_ros/lib/srrg2_core_ros/srrg_to_rosbag_converter_app, /home/alessiohu/Desktop/progetto-labiagi/catkin_ws/devel/lib/srrg2_core_ros/srrg_to_rosbag_converter_app)
Linked: (/home/alessiohu/Desktop/progetto-labiagi/catkin_ws/devel/.private/srrg2_core_ros/lib/srrg2_core_ros/tf_listener_playback_test, /home/alessiohu/Desktop/progetto-labiagi/catkin_ws/devel/lib/srrg2_core_ros/tf_listener_playback_test)
Linked: (/home/alessiohu/Desktop/progetto-labiagi/catkin_ws/devel/.private/srrg2_core_ros/lib/srrg2_core_ros/tf_listener_node_test, /home/alessiohu/Desktop/progetto-labiagi/catkin_ws/devel/lib/srrg2_core_ros/tf_listener_node_test)
Linked: (/home/alessiohu/Desktop/progetto-labiagi/catkin_ws/devel/.private/srrg2_core_ros/lib/srrg2_core_ros/message_source_ros_test, /home/alessiohu/Desktop/progetto-labiagi/catkin_ws/devel/lib/srrg2_core_ros/message_source_ros_test)
Linked: (/home/alessiohu/Desktop/progetto-labiagi/catkin_ws/devel/.private/srrg2_core_ros/lib/srrg2_core_ros/buffer_sink_ros_test, /home/alessiohu/Desktop/progetto-labiagi/catkin_ws/devel/lib/srrg2_core_ros/buffer_sink_ros_test)
Linked: (/home/alessiohu/Desktop/progetto-labiagi/catkin_ws/devel/.private/srrg2_core_ros/lib/srrg2_core_ros/bag_creator_test, /home/alessiohu/Desktop/progetto-labiagi/catkin_ws/devel/lib/srrg2_core_ros/bag_creator_test)
Linked: (/home/alessiohu/Desktop/progetto-labiagi/catkin_ws/devel/.private/srrg2_core_ros/lib/srrg2_core_ros/extract_gt_from_ros, /home/alessiohu/Desktop/progetto-labiagi/catkin_ws/devel/lib/srrg2_core_ros/extract_gt_from_ros)
Linked: (/home/alessiohu/Desktop/progetto-labiagi/catkin_ws/devel/.private/srrg2_core_ros/lib/python2.7/dist-packages/srrg2_core_ros/__init__.py, /home/alessiohu/Desktop/progetto-labiagi/catkin_ws/devel/lib/python2.7/dist-packages/srrg2_core_ros/__init__.py)
Linked: (/home/alessiohu/Desktop/progetto-labiagi/catkin_ws/devel/.private/srrg2_core_ros/lib/python2.7/dist-packages/srrg2_core_ros/msg/_PlannerStatusMessage.py, /home/alessiohu/Desktop/progetto-labiagi/catkin_ws/devel/lib/python2.7/dist-packages/srrg2_core_ros/msg/_PlannerStatusMessage.py)
Linked: (/home/alessiohu/Desktop/progetto-labiagi/catkin_ws/devel/.private/srrg2_core_ros/lib/python2.7/dist-packages/srrg2_core_ros/msg/_ViewerBufferMessage.py, /home/alessiohu/Desktop/progetto-labiagi/catkin_ws/devel/lib/python2.7/dist-packages/srrg2_core_ros/msg/_ViewerBufferMessage.py)
Linked: (/home/alessiohu/Desktop/progetto-labiagi/catkin_ws/devel/.private/srrg2_core_ros/lib/python2.7/dist-packages/srrg2_core_ros/msg/__init__.py, /home/alessiohu/Desktop/progetto-labiagi/catkin_ws/devel/lib/python2.7/dist-packages/srrg2_core_ros/msg/__init__.py)
Linked: (/home/alessiohu/Desktop/progetto-labiagi/catkin_ws/devel/.private/srrg2_core_ros/include/srrg2_core_ros/PlannerStatusMessage.h, /home/alessiohu/Desktop/progetto-labiagi/catkin_ws/devel/include/srrg2_core_ros/PlannerStatusMessage.h)
Linked: (/home/alessiohu/Desktop/progetto-labiagi/catkin_ws/devel/.private/srrg2_core_ros/include/srrg2_core_ros/ViewerBufferMessage.h, /home/alessiohu/Desktop/progetto-labiagi/catkin_ws/devel/include/srrg2_core_ros/ViewerBufferMessage.h)
