Symlinking /home/alessiohu/Desktop/progetto-labiagi/catkin_ws/devel/include/srrg2_core_ros/ViewerBufferMessage.h
Symlinking /home/alessiohu/Desktop/progetto-labiagi/catkin_ws/devel/include/srrg2_core_ros/PlannerStatusMessage.h
Symlinking /home/alessiohu/Desktop/progetto-labiagi/catkin_ws/devel/share/gennodejs/ros/srrg2_core_ros/_index.js
Symlinking /home/alessiohu/Desktop/progetto-labiagi/catkin_ws/devel/share/gennodejs/ros/srrg2_core_ros/msg/PlannerStatusMessage.js
Symlinking /home/alessiohu/Desktop/progetto-labiagi/catkin_ws/devel/share/gennodejs/ros/srrg2_core_ros/msg/_index.js
Symlinking /home/alessiohu/Desktop/progetto-labiagi/catkin_ws/devel/share/gennodejs/ros/srrg2_core_ros/msg/ViewerBufferMessage.js
Symlinking /home/alessiohu/Desktop/progetto-labiagi/catkin_ws/devel/share/roseus/ros/srrg2_core_ros/manifest.l
Symlinking /home/alessiohu/Desktop/progetto-labiagi/catkin_ws/devel/share/roseus/ros/srrg2_core_ros/msg/ViewerBufferMessage.l
Symlinking /home/alessiohu/Desktop/progetto-labiagi/catkin_ws/devel/share/roseus/ros/srrg2_core_ros/msg/PlannerStatusMessage.l
Symlinking /home/alessiohu/Desktop/progetto-labiagi/catkin_ws/devel/share/srrg2_core_ros/cmake/srrg2_core_rosConfig-version.cmake
Symlinking /home/alessiohu/Desktop/progetto-labiagi/catkin_ws/devel/share/srrg2_core_ros/cmake/srrg2_core_ros-msg-paths.cmake
Symlinking /home/alessiohu/Desktop/progetto-labiagi/catkin_ws/devel/share/srrg2_core_ros/cmake/srrg2_core_ros-msg-extras.cmake
Symlinking /home/alessiohu/Desktop/progetto-labiagi/catkin_ws/devel/share/srrg2_core_ros/cmake/srrg2_core_rosConfig.cmake
Symlinking /home/alessiohu/Desktop/progetto-labiagi/catkin_ws/devel/share/common-lisp/ros/srrg2_core_ros/msg/PlannerStatusMessage.lisp
Symlinking /home/alessiohu/Desktop/progetto-labiagi/catkin_ws/devel/share/common-lisp/ros/srrg2_core_ros/msg/_package_ViewerBufferMessage.lisp
Symlinking /home/alessiohu/Desktop/progetto-labiagi/catkin_ws/devel/share/common-lisp/ros/srrg2_core_ros/msg/_package_PlannerStatusMessage.lisp
Symlinking /home/alessiohu/Desktop/progetto-labiagi/catkin_ws/devel/share/common-lisp/ros/srrg2_core_ros/msg/_package.lisp
Symlinking /home/alessiohu/Desktop/progetto-labiagi/catkin_ws/devel/share/common-lisp/ros/srrg2_core_ros/msg/srrg2_core_ros-msg.asd
Symlinking /home/alessiohu/Desktop/progetto-labiagi/catkin_ws/devel/share/common-lisp/ros/srrg2_core_ros/msg/ViewerBufferMessage.lisp
Symlinking /home/alessiohu/Desktop/progetto-labiagi/catkin_ws/devel/lib/libsrrg2_viewer_ros_library.so
Symlinking /home/alessiohu/Desktop/progetto-labiagi/catkin_ws/devel/lib/libsrrg2_messages_ros_library.so
Symlinking /home/alessiohu/Desktop/progetto-labiagi/catkin_ws/devel/lib/libsrrg2_converters_library.so
Symlinking /home/alessiohu/Desktop/progetto-labiagi/catkin_ws/devel/lib/libsrrg2_viewer_core_ros_library.so
Symlinking /home/alessiohu/Desktop/progetto-labiagi/catkin_ws/devel/lib/python2.7/dist-packages/srrg2_core_ros/__init__.py
Symlinking /home/alessiohu/Desktop/progetto-labiagi/catkin_ws/devel/lib/python2.7/dist-packages/srrg2_core_ros/msg/_ViewerBufferMessage.py
Symlinking /home/alessiohu/Desktop/progetto-labiagi/catkin_ws/devel/lib/python2.7/dist-packages/srrg2_core_ros/msg/__init__.py
Symlinking /home/alessiohu/Desktop/progetto-labiagi/catkin_ws/devel/lib/python2.7/dist-packages/srrg2_core_ros/msg/_PlannerStatusMessage.py
Symlinking /home/alessiohu/Desktop/progetto-labiagi/catkin_ws/devel/lib/srrg2_core_ros/tf_publisher_node_test
Symlinking /home/alessiohu/Desktop/progetto-labiagi/catkin_ws/devel/lib/srrg2_core_ros/tf_listener_node_test
Symlinking /home/alessiohu/Desktop/progetto-labiagi/catkin_ws/devel/lib/srrg2_core_ros/tf_from_source_test
Symlinking /home/alessiohu/Desktop/progetto-labiagi/catkin_ws/devel/lib/srrg2_core_ros/get_all_topics_test
Symlinking /home/alessiohu/Desktop/progetto-labiagi/catkin_ws/devel/lib/srrg2_core_ros/ros_to_srrg_listener_node
Symlinking /home/alessiohu/Desktop/progetto-labiagi/catkin_ws/devel/lib/srrg2_core_ros/buffer_message_test
Symlinking /home/alessiohu/Desktop/progetto-labiagi/catkin_ws/devel/lib/srrg2_core_ros/conversion_in_place_test
Symlinking /home/alessiohu/Desktop/progetto-labiagi/catkin_ws/devel/lib/srrg2_core_ros/buffer_source_ros_test
Symlinking /home/alessiohu/Desktop/progetto-labiagi/catkin_ws/devel/lib/srrg2_core_ros/tf_listener_playback_test
Symlinking /home/alessiohu/Desktop/progetto-labiagi/catkin_ws/devel/lib/srrg2_core_ros/srrg_to_rosbag_converter_app
Symlinking /home/alessiohu/Desktop/progetto-labiagi/catkin_ws/devel/lib/srrg2_core_ros/rosbag_to_srrg_converter_app
Symlinking /home/alessiohu/Desktop/progetto-labiagi/catkin_ws/devel/lib/srrg2_core_ros/buffer_sink_ros_test
Symlinking /home/alessiohu/Desktop/progetto-labiagi/catkin_ws/devel/lib/srrg2_core_ros/bag_creator_test
Symlinking /home/alessiohu/Desktop/progetto-labiagi/catkin_ws/devel/lib/srrg2_core_ros/srrg_to_ros_publisher_node
Symlinking /home/alessiohu/Desktop/progetto-labiagi/catkin_ws/devel/lib/srrg2_core_ros/extract_gt_from_ros
Symlinking /home/alessiohu/Desktop/progetto-labiagi/catkin_ws/devel/lib/srrg2_core_ros/message_source_ros_test
Symlinking /home/alessiohu/Desktop/progetto-labiagi/catkin_ws/devel/lib/srrg2_core_ros/message_source_platform_test
Symlinking /home/alessiohu/Desktop/progetto-labiagi/catkin_ws/devel/lib/srrg2_core_ros/generic_listener_node_test
Symlinking /home/alessiohu/Desktop/progetto-labiagi/catkin_ws/devel/lib/pkgconfig/srrg2_core_ros.pc
