Determining if the pthread_create exist failed with the following output:
Change Dir: /home/alessiohu/Desktop/progetto-labiagi/catkin_ws/build/srrg2_slam_interfaces/CMakeFiles/CMakeTmp

Run Build Command:"/usr/bin/make" "cmTC_75bda/fast"
/usr/bin/make -f CMakeFiles/cmTC_75bda.dir/build.make CMakeFiles/cmTC_75bda.dir/build
make[1]: Entering directory '/home/alessiohu/Desktop/progetto-labiagi/catkin_ws/build/srrg2_slam_interfaces/CMakeFiles/CMakeTmp'
Building C object CMakeFiles/cmTC_75bda.dir/CheckSymbolExists.c.o
/usr/bin/cc    -o CMakeFiles/cmTC_75bda.dir/CheckSymbolExists.c.o   -c /home/alessiohu/Desktop/progetto-labiagi/catkin_ws/build/srrg2_slam_interfaces/CMakeFiles/CMakeTmp/CheckSymbolExists.c
Linking C executable cmTC_75bda
/usr/bin/cmake -E cmake_link_script CMakeFiles/cmTC_75bda.dir/link.txt --verbose=1
/usr/bin/cc      -rdynamic CMakeFiles/cmTC_75bda.dir/CheckSymbolExists.c.o  -o cmTC_75bda 
CMakeFiles/cmTC_75bda.dir/CheckSymbolExists.c.o: In function `main':
CheckSymbolExists.c:(.text+0x1b): undefined reference to `pthread_create'
collect2: error: ld returned 1 exit status
CMakeFiles/cmTC_75bda.dir/build.make:97: recipe for target 'cmTC_75bda' failed
make[1]: *** [cmTC_75bda] Error 1
make[1]: Leaving directory '/home/alessiohu/Desktop/progetto-labiagi/catkin_ws/build/srrg2_slam_interfaces/CMakeFiles/CMakeTmp'
Makefile:126: recipe for target 'cmTC_75bda/fast' failed
make: *** [cmTC_75bda/fast] Error 2

File /home/alessiohu/Desktop/progetto-labiagi/catkin_ws/build/srrg2_slam_interfaces/CMakeFiles/CMakeTmp/CheckSymbolExists.c:
/* */
#include <pthread.h>

int main(int argc, char** argv)
{
  (void)argv;
#ifndef pthread_create
  return ((int*)(&pthread_create))[argc];
#else
  (void)argc;
  return 0;
#endif
}

Determining if the function pthread_create exists in the pthreads failed with the following output:
Change Dir: /home/alessiohu/Desktop/progetto-labiagi/catkin_ws/build/srrg2_slam_interfaces/CMakeFiles/CMakeTmp

Run Build Command:"/usr/bin/make" "cmTC_e55fe/fast"
/usr/bin/make -f CMakeFiles/cmTC_e55fe.dir/build.make CMakeFiles/cmTC_e55fe.dir/build
make[1]: Entering directory '/home/alessiohu/Desktop/progetto-labiagi/catkin_ws/build/srrg2_slam_interfaces/CMakeFiles/CMakeTmp'
Building C object CMakeFiles/cmTC_e55fe.dir/CheckFunctionExists.c.o
/usr/bin/cc   -DCHECK_FUNCTION_EXISTS=pthread_create   -o CMakeFiles/cmTC_e55fe.dir/CheckFunctionExists.c.o   -c /usr/share/cmake-3.10/Modules/CheckFunctionExists.c
Linking C executable cmTC_e55fe
/usr/bin/cmake -E cmake_link_script CMakeFiles/cmTC_e55fe.dir/link.txt --verbose=1
/usr/bin/cc  -DCHECK_FUNCTION_EXISTS=pthread_create    -rdynamic CMakeFiles/cmTC_e55fe.dir/CheckFunctionExists.c.o  -o cmTC_e55fe -lpthreads 
/usr/bin/ld: cannot find -lpthreads
collect2: error: ld returned 1 exit status
CMakeFiles/cmTC_e55fe.dir/build.make:97: recipe for target 'cmTC_e55fe' failed
make[1]: *** [cmTC_e55fe] Error 1
make[1]: Leaving directory '/home/alessiohu/Desktop/progetto-labiagi/catkin_ws/build/srrg2_slam_interfaces/CMakeFiles/CMakeTmp'
Makefile:126: recipe for target 'cmTC_e55fe/fast' failed
make: *** [cmTC_e55fe/fast] Error 2


