Determining if the pthread_create exist failed with the following output:
Change Dir: /home/alessiohu/Desktop/progetto-labiagi/catkin_ws/build/srrg2_laser_slam_2d/CMakeFiles/CMakeTmp

Run Build Command:"/usr/bin/make" "cmTC_31dec/fast"
/usr/bin/make -f CMakeFiles/cmTC_31dec.dir/build.make CMakeFiles/cmTC_31dec.dir/build
make[1]: Entering directory '/home/alessiohu/Desktop/progetto-labiagi/catkin_ws/build/srrg2_laser_slam_2d/CMakeFiles/CMakeTmp'
Building C object CMakeFiles/cmTC_31dec.dir/CheckSymbolExists.c.o
/usr/bin/cc    -o CMakeFiles/cmTC_31dec.dir/CheckSymbolExists.c.o   -c /home/alessiohu/Desktop/progetto-labiagi/catkin_ws/build/srrg2_laser_slam_2d/CMakeFiles/CMakeTmp/CheckSymbolExists.c
Linking C executable cmTC_31dec
/usr/bin/cmake -E cmake_link_script CMakeFiles/cmTC_31dec.dir/link.txt --verbose=1
/usr/bin/cc      -rdynamic CMakeFiles/cmTC_31dec.dir/CheckSymbolExists.c.o  -o cmTC_31dec 
CMakeFiles/cmTC_31dec.dir/CheckSymbolExists.c.o: In function `main':
CheckSymbolExists.c:(.text+0x1b): undefined reference to `pthread_create'
collect2: error: ld returned 1 exit status
CMakeFiles/cmTC_31dec.dir/build.make:97: recipe for target 'cmTC_31dec' failed
make[1]: *** [cmTC_31dec] Error 1
make[1]: Leaving directory '/home/alessiohu/Desktop/progetto-labiagi/catkin_ws/build/srrg2_laser_slam_2d/CMakeFiles/CMakeTmp'
Makefile:126: recipe for target 'cmTC_31dec/fast' failed
make: *** [cmTC_31dec/fast] Error 2

File /home/alessiohu/Desktop/progetto-labiagi/catkin_ws/build/srrg2_laser_slam_2d/CMakeFiles/CMakeTmp/CheckSymbolExists.c:
/* */
#include <pthread.h>

int main(int argc, char** argv)
{
  (void)argv;
#ifndef pthread_create
  return ((int*)(&pthread_create))[argc];
#else
  (void)argc;
  return 0;
#endif
}

Determining if the function pthread_create exists in the pthreads failed with the following output:
Change Dir: /home/alessiohu/Desktop/progetto-labiagi/catkin_ws/build/srrg2_laser_slam_2d/CMakeFiles/CMakeTmp

Run Build Command:"/usr/bin/make" "cmTC_13bf6/fast"
/usr/bin/make -f CMakeFiles/cmTC_13bf6.dir/build.make CMakeFiles/cmTC_13bf6.dir/build
make[1]: Entering directory '/home/alessiohu/Desktop/progetto-labiagi/catkin_ws/build/srrg2_laser_slam_2d/CMakeFiles/CMakeTmp'
Building C object CMakeFiles/cmTC_13bf6.dir/CheckFunctionExists.c.o
/usr/bin/cc   -DCHECK_FUNCTION_EXISTS=pthread_create   -o CMakeFiles/cmTC_13bf6.dir/CheckFunctionExists.c.o   -c /usr/share/cmake-3.10/Modules/CheckFunctionExists.c
Linking C executable cmTC_13bf6
/usr/bin/cmake -E cmake_link_script CMakeFiles/cmTC_13bf6.dir/link.txt --verbose=1
/usr/bin/cc  -DCHECK_FUNCTION_EXISTS=pthread_create    -rdynamic CMakeFiles/cmTC_13bf6.dir/CheckFunctionExists.c.o  -o cmTC_13bf6 -lpthreads 
/usr/bin/ld: cannot find -lpthreads
collect2: error: ld returned 1 exit status
CMakeFiles/cmTC_13bf6.dir/build.make:97: recipe for target 'cmTC_13bf6' failed
make[1]: *** [cmTC_13bf6] Error 1
make[1]: Leaving directory '/home/alessiohu/Desktop/progetto-labiagi/catkin_ws/build/srrg2_laser_slam_2d/CMakeFiles/CMakeTmp'
Makefile:126: recipe for target 'cmTC_13bf6/fast' failed
make: *** [cmTC_13bf6/fast] Error 2


