Determining if the pthread_create exist failed with the following output:
Change Dir: /home/alessiohu/Desktop/progetto-labiagi/catkin_ws/build/srrg2_solver_star/CMakeFiles/CMakeTmp

Run Build Command:"/usr/bin/make" "cmTC_28c6c/fast"
/usr/bin/make -f CMakeFiles/cmTC_28c6c.dir/build.make CMakeFiles/cmTC_28c6c.dir/build
make[1]: Entering directory '/home/alessiohu/Desktop/progetto-labiagi/catkin_ws/build/srrg2_solver_star/CMakeFiles/CMakeTmp'
Building C object CMakeFiles/cmTC_28c6c.dir/CheckSymbolExists.c.o
/usr/bin/cc    -o CMakeFiles/cmTC_28c6c.dir/CheckSymbolExists.c.o   -c /home/alessiohu/Desktop/progetto-labiagi/catkin_ws/build/srrg2_solver_star/CMakeFiles/CMakeTmp/CheckSymbolExists.c
Linking C executable cmTC_28c6c
/usr/bin/cmake -E cmake_link_script CMakeFiles/cmTC_28c6c.dir/link.txt --verbose=1
/usr/bin/cc      -rdynamic CMakeFiles/cmTC_28c6c.dir/CheckSymbolExists.c.o  -o cmTC_28c6c 
CMakeFiles/cmTC_28c6c.dir/CheckSymbolExists.c.o: In function `main':
CheckSymbolExists.c:(.text+0x1b): undefined reference to `pthread_create'
collect2: error: ld returned 1 exit status
CMakeFiles/cmTC_28c6c.dir/build.make:97: recipe for target 'cmTC_28c6c' failed
make[1]: *** [cmTC_28c6c] Error 1
make[1]: Leaving directory '/home/alessiohu/Desktop/progetto-labiagi/catkin_ws/build/srrg2_solver_star/CMakeFiles/CMakeTmp'
Makefile:126: recipe for target 'cmTC_28c6c/fast' failed
make: *** [cmTC_28c6c/fast] Error 2

File /home/alessiohu/Desktop/progetto-labiagi/catkin_ws/build/srrg2_solver_star/CMakeFiles/CMakeTmp/CheckSymbolExists.c:
/* */
#include <pthread.h>

int main(int argc, char** argv)
{
  (void)argv;
#ifndef pthread_create
  return ((int*)(&pthread_create))[argc];
#else
  (void)argc;
  return 0;
#endif
}

Determining if the function pthread_create exists in the pthreads failed with the following output:
Change Dir: /home/alessiohu/Desktop/progetto-labiagi/catkin_ws/build/srrg2_solver_star/CMakeFiles/CMakeTmp

Run Build Command:"/usr/bin/make" "cmTC_fdb49/fast"
/usr/bin/make -f CMakeFiles/cmTC_fdb49.dir/build.make CMakeFiles/cmTC_fdb49.dir/build
make[1]: Entering directory '/home/alessiohu/Desktop/progetto-labiagi/catkin_ws/build/srrg2_solver_star/CMakeFiles/CMakeTmp'
Building C object CMakeFiles/cmTC_fdb49.dir/CheckFunctionExists.c.o
/usr/bin/cc   -DCHECK_FUNCTION_EXISTS=pthread_create   -o CMakeFiles/cmTC_fdb49.dir/CheckFunctionExists.c.o   -c /usr/share/cmake-3.10/Modules/CheckFunctionExists.c
Linking C executable cmTC_fdb49
/usr/bin/cmake -E cmake_link_script CMakeFiles/cmTC_fdb49.dir/link.txt --verbose=1
/usr/bin/cc  -DCHECK_FUNCTION_EXISTS=pthread_create    -rdynamic CMakeFiles/cmTC_fdb49.dir/CheckFunctionExists.c.o  -o cmTC_fdb49 -lpthreads 
/usr/bin/ld: cannot find -lpthreads
collect2: error: ld returned 1 exit status
CMakeFiles/cmTC_fdb49.dir/build.make:97: recipe for target 'cmTC_fdb49' failed
make[1]: *** [cmTC_fdb49] Error 1
make[1]: Leaving directory '/home/alessiohu/Desktop/progetto-labiagi/catkin_ws/build/srrg2_solver_star/CMakeFiles/CMakeTmp'
Makefile:126: recipe for target 'cmTC_fdb49/fast' failed
make: *** [cmTC_fdb49/fast] Error 2


