[  0%] Built target _pick_e_delivery_generate_messages_check_deps_NewGoal
[  0%] Built target _pick_e_delivery_generate_messages_check_deps_Pose
[  0%] Built target _pick_e_delivery_generate_messages_check_deps_Timeout
[  0%] Built target _pick_e_delivery_generate_messages_check_deps_setTooLongInterval
[  0%] Built target std_msgs_generate_messages_py
[  0%] Built target std_msgs_generate_messages_cpp
[  0%] Built target std_msgs_generate_messages_nodejs
[  0%] Built target std_msgs_generate_messages_lisp
[  0%] Built target std_msgs_generate_messages_eus
[ 16%] Built target pick_e_delivery_generate_messages_cpp
[ 32%] Built target pick_e_delivery_generate_messages_nodejs
[ 56%] Built target pick_e_delivery_generate_messages_py
[ 76%] Built target pick_e_delivery_generate_messages_eus
[ 92%] Built target pick_e_delivery_generate_messages_lisp
[35m[1mScanning dependencies of target MainNode[0m
[ 92%] Built target pick_e_delivery_generate_messages
[ 96%] [32mBuilding CXX object CMakeFiles/MainNode.dir/src/MainNode.cpp.o[0m
[01m[K/home/alessio/Desktop/progetto-labiagi/catkin_ws/src/pick_e_delivery/src/MainNode.cpp:[m[K In function ‘[01m[Kbool setTooLongInterval(pick_e_delivery::setTooLongInterval::Request&, pick_e_delivery::setTooLongInterval::Response&)[m[K’:
[01m[K/home/alessio/Desktop/progetto-labiagi/catkin_ws/src/pick_e_delivery/src/MainNode.cpp:302:36:[m[K [01;31m[Kerror: [m[Kno matching function for call to ‘[01m[Kros::Timer::setPeriod(float&)[m[K’
     tooLongTimer.setPeriod(tooLongT[01;31m[K)[m[K;
                                    [01;31m[K^[m[K
In file included from [01m[K/opt/ros/melodic/include/ros/node_handle.h:36:0[m[K,
                 from [01m[K/opt/ros/melodic/include/ros/ros.h:45[m[K,
                 from [01m[K/home/alessio/Desktop/progetto-labiagi/catkin_ws/src/pick_e_delivery/src/MainNode.cpp:1[m[K:
[01m[K/opt/ros/melodic/include/ros/timer.h:73:8:[m[K [01;36m[Knote: [m[Kcandidate: void ros::Timer::setPeriod(const ros::Duration&, bool)
   void [01;36m[KsetPeriod[m[K(const Duration& period, bool reset=true);
        [01;36m[K^~~~~~~~~[m[K
[01m[K/opt/ros/melodic/include/ros/timer.h:73:8:[m[K [01;36m[Knote: [m[K  no known conversion for argument 1 from ‘[01m[Kfloat[m[K’ to ‘[01m[Kconst ros::Duration&[m[K’
CMakeFiles/MainNode.dir/build.make:62: recipe for target 'CMakeFiles/MainNode.dir/src/MainNode.cpp.o' failed
make[2]: *** [CMakeFiles/MainNode.dir/src/MainNode.cpp.o] Error 1
CMakeFiles/Makefile2:207: recipe for target 'CMakeFiles/MainNode.dir/all' failed
make[1]: *** [CMakeFiles/MainNode.dir/all] Error 2
Makefile:140: recipe for target 'all' failed
make: *** [all] Error 2
