[  0%] Built target std_msgs_generate_messages_py
[  0%] Built target std_msgs_generate_messages_cpp
[  0%] Built target std_msgs_generate_messages_nodejs
[  0%] Built target _pick_e_delivery_generate_messages_check_deps_NewGoal
[  0%] Built target std_msgs_generate_messages_lisp
[  0%] Built target std_msgs_generate_messages_eus
[  0%] Built target _pick_e_delivery_generate_messages_check_deps_Timeout
[  0%] Built target _pick_e_delivery_generate_messages_check_deps_setTooLongInterval
[  0%] Built target _pick_e_delivery_generate_messages_check_deps_Pose
[  0%] Built target _pick_e_delivery_generate_messages_check_deps_setWaitPackInterval
[ 16%] Built target pick_e_delivery_generate_messages_cpp
[ 33%] Built target pick_e_delivery_generate_messages_lisp
[ 70%] Built target pick_e_delivery_generate_messages_nodejs
[ 73%] Built target pick_e_delivery_generate_messages_py
[ 93%] Built target pick_e_delivery_generate_messages_eus
[35m[1mScanning dependencies of target MainNode[0m
[ 93%] Built target pick_e_delivery_generate_messages
[ 96%] [32mBuilding CXX object CMakeFiles/MainNode.dir/src/MainNode.cpp.o[0m
[100%] [32m[1mLinking CXX executable /home/alessiohu/Desktop/progetto-labiagi/catkin_ws/devel/.private/pick_e_delivery/lib/pick_e_delivery/MainNode[0m
[100%] Built target MainNode
