[  0%] Built target _pick_e_delivery_generate_messages_check_deps_Pose
[  0%] Built target _pick_e_delivery_generate_messages_check_deps_Timeout
[  0%] Built target _pick_e_delivery_generate_messages_check_deps_setTooLongInterval
[  0%] Built target _pick_e_delivery_generate_messages_check_deps_NewGoal
[  0%] Built target _pick_e_delivery_generate_messages_check_deps_setWaitPackInterval
[  0%] Built target std_msgs_generate_messages_py
[  0%] Built target std_msgs_generate_messages_cpp
[  0%] Built target std_msgs_generate_messages_nodejs
[  0%] Built target std_msgs_generate_messages_eus
[  0%] Built target std_msgs_generate_messages_lisp
[  3%] [34m[1mGenerating Python from MSG pick_e_delivery/NewGoal[0m
[  6%] [34m[1mGenerating C++ code from pick_e_delivery/NewGoal.msg[0m
[ 10%] [34m[1mGenerating Javascript code from pick_e_delivery/NewGoal.msg[0m
[ 13%] [34m[1mGenerating EusLisp code from pick_e_delivery/NewGoal.msg[0m
[ 16%] [34m[1mGenerating Lisp code from pick_e_delivery/NewGoal.msg[0m
[ 20%] [34m[1mGenerating Javascript code from pick_e_delivery/Pose.msg[0m
[ 23%] [34m[1mGenerating Lisp code from pick_e_delivery/Pose.msg[0m
[ 26%] [34m[1mGenerating EusLisp code from pick_e_delivery/Pose.msg[0m
[ 30%] [34m[1mGenerating Javascript code from pick_e_delivery/Timeout.msg[0m
[ 33%] [34m[1mGenerating Lisp code from pick_e_delivery/Timeout.msg[0m
[ 36%] [34m[1mGenerating Javascript code from pick_e_delivery/setWaitPackInterval.srv[0m
[ 40%] [34m[1mGenerating C++ code from pick_e_delivery/Pose.msg[0m
[ 43%] [34m[1mGenerating EusLisp code from pick_e_delivery/Timeout.msg[0m
[ 46%] [34m[1mGenerating Lisp code from pick_e_delivery/setWaitPackInterval.srv[0m
[ 50%] [34m[1mGenerating Python from MSG pick_e_delivery/Pose[0m
[ 53%] [34m[1mGenerating Javascript code from pick_e_delivery/setTooLongInterval.srv[0m
[ 56%] [34m[1mGenerating Lisp code from pick_e_delivery/setTooLongInterval.srv[0m
[ 56%] Built target pick_e_delivery_generate_messages_nodejs
[ 60%] [34m[1mGenerating EusLisp code from pick_e_delivery/setWaitPackInterval.srv[0m
[ 63%] [34m[1mGenerating EusLisp code from pick_e_delivery/setTooLongInterval.srv[0m
[ 63%] Built target pick_e_delivery_generate_messages_lisp
[ 66%] [34m[1mGenerating C++ code from pick_e_delivery/Timeout.msg[0m
[ 70%] [34m[1mGenerating C++ code from pick_e_delivery/setWaitPackInterval.srv[0m
[ 73%] Built target pick_e_delivery_generate_messages_eus
[ 76%] [34m[1mGenerating Python from MSG pick_e_delivery/Timeout[0m
[ 83%] [34m[1mGenerating Python code from SRV pick_e_delivery/setTooLongInterval[0m
[ 83%] [34m[1mGenerating Python code from SRV pick_e_delivery/setWaitPackInterval[0m
[ 86%] [34m[1mGenerating C++ code from pick_e_delivery/setTooLongInterval.srv[0m
[ 90%] [34m[1mGenerating Python msg __init__.py for pick_e_delivery[0m
[ 93%] [34m[1mGenerating Python srv __init__.py for pick_e_delivery[0m
[ 93%] Built target pick_e_delivery_generate_messages_py
[ 93%] Built target pick_e_delivery_generate_messages_cpp
[35m[1mScanning dependencies of target MainNode[0m
[ 93%] Built target pick_e_delivery_generate_messages
[ 96%] [32mBuilding CXX object CMakeFiles/MainNode.dir/src/MainNode.cpp.o[0m
[100%] [32m[1mLinking CXX executable /home/alessiohu/Desktop/progetto-labiagi/catkin_ws/devel/.private/pick_e_delivery/lib/pick_e_delivery/MainNode[0m
[100%] Built target MainNode
