[36m--[0m Using CATKIN_DEVEL_PREFIX: /home/alessio/Desktop/progetto-labiagi/catkin_ws/devel/.private/pick_e_delivery
[36m--[0m Using CMAKE_PREFIX_PATH: /home/alessio/Desktop/progetto-labiagi/catkin_ws/devel;/home/alessio/Desktop/progetto-labiagi/catkin_ws/devel/.private/catkin_tools_prebuild;/home/alessio/Desktop/labiagi/workspaces/srrg2_labiagi/devel;/opt/ros/melodic;/home/alessio/catkin_ws/devel
[36m--[0m This workspace overlays: /home/alessio/Desktop/progetto-labiagi/catkin_ws/devel;/home/alessio/Desktop/progetto-labiagi/catkin_ws/devel/.private/catkin_tools_prebuild;/home/alessio/Desktop/labiagi/workspaces/srrg2_labiagi/devel;/opt/ros/melodic;/home/alessio/catkin_ws/devel
[36m--[0m Found PythonInterp: /usr/bin/python2 (found suitable version "2.7.17", minimum required is "2")
[36m--[0m Using PYTHON_EXECUTABLE: /usr/bin/python2
[36m--[0m Using Debian Python package layout
[36m--[0m Using empy: /usr/bin/empy
[36m--[0m Using CATKIN_ENABLE_TESTING: ON
[36m--[0m Call enable_testing()
[36m--[0m Using CATKIN_TEST_RESULTS_DIR: /home/alessio/Desktop/progetto-labiagi/catkin_ws/build/pick_e_delivery/test_results
[36m--[0m Found gtest sources under '/usr/src/googletest': gtests will be built
[36m--[0m Found gmock sources under '/usr/src/googletest': gmock will be built
[36m--[0m Found PythonInterp: /usr/bin/python2 (found version "2.7.17")
[36m--[0m Using Python nosetests: /usr/bin/nosetests-2.7
[36m--[0m catkin 0.7.29
[36m--[0m BUILD_SHARED_LIBS is on
[36m--[0m Using these message generators: gencpp;geneus;genlisp;gennodejs;genpy
[36m--[0m pick_e_delivery: 3 messages, 2 services
[36m--[0m Configuring done
[36m--[0m Generating done
[36m--[0m Build files have been written to: /home/alessio/Desktop/progetto-labiagi/catkin_ws/build/pick_e_delivery
