[01m[K/home/alessio/Desktop/progetto-labiagi/catkin_ws/src/pick_e_delivery/src/SetGoal.cpp:18:1:[m[K [01;31m[Kerror: [m[Kexpected initializer before ‘[01m[Kstd[m[K’
 [01;31m[Kstd[m[K::vector<float> target_position(2,0);
 [01;31m[K^~~[m[K
[01m[K/home/alessio/Desktop/progetto-labiagi/catkin_ws/src/pick_e_delivery/src/SetGoal.cpp:[m[K In function ‘[01m[Kvoid setGoalCallBack(const NewGoal&)[m[K’:
[01m[K/home/alessio/Desktop/progetto-labiagi/catkin_ws/src/pick_e_delivery/src/SetGoal.cpp:57:5:[m[K [01;31m[Kerror: [m[K‘[01m[Ktarget_position[m[K’ was not declared in this scope
     [01;31m[Ktarget_position[m[K[0] = new_goal.x;
     [01;31m[K^~~~~~~~~~~~~~~[m[K
[01m[K/home/alessio/Desktop/progetto-labiagi/catkin_ws/src/pick_e_delivery/src/SetGoal.cpp:57:5:[m[K [01;36m[Knote: [m[Ksuggested alternative: ‘[01m[Kcurrent_position[m[K’
     [01;36m[Ktarget_position[m[K[0] = new_goal.x;
     [01;36m[K^~~~~~~~~~~~~~~[m[K
     [32m[Kcurrent_position[m[K
[01m[K/home/alessio/Desktop/progetto-labiagi/catkin_ws/src/pick_e_delivery/src/SetGoal.cpp:63:9:[m[K [01;31m[Kerror: [m[K‘[01m[Kpub[m[K’ was not declared in this scope
         [01;31m[Kpub[m[K.publish(new_goal_msg);
         [01;31m[K^~~[m[K
[01m[K/home/alessio/Desktop/progetto-labiagi/catkin_ws/src/pick_e_delivery/src/SetGoal.cpp:[m[K In function ‘[01m[Kvoid check1_CallBack(const ros::TimerEvent&)[m[K’:
[01m[K/home/alessio/Desktop/progetto-labiagi/catkin_ws/src/pick_e_delivery/src/SetGoal.cpp:103:49:[m[K [01;31m[Kerror: [m[K‘[01m[Ktarget_position[m[K’ was not declared in this scope
         distance = sqrt(pow(current_position[0]-[01;31m[Ktarget_position[m[K[0],2)+pow(current_position[1]-target_position[1],2));
                                                 [01;31m[K^~~~~~~~~~~~~~~[m[K
[01m[K/home/alessio/Desktop/progetto-labiagi/catkin_ws/src/pick_e_delivery/src/SetGoal.cpp:103:49:[m[K [01;36m[Knote: [m[Ksuggested alternative: ‘[01m[Kcurrent_position[m[K’
         distance = sqrt(pow(current_position[0]-[01;36m[Ktarget_position[m[K[0],2)+pow(current_position[1]-target_position[1],2));
                                                 [01;36m[K^~~~~~~~~~~~~~~[m[K
                                                 [32m[Kcurrent_position[m[K
[01m[K/home/alessio/Desktop/progetto-labiagi/catkin_ws/src/pick_e_delivery/src/SetGoal.cpp:[m[K In function ‘[01m[Kvoid check2_CallBack(const ros::TimerEvent&)[m[K’:
[01m[K/home/alessio/Desktop/progetto-labiagi/catkin_ws/src/pick_e_delivery/src/SetGoal.cpp:115:49:[m[K [01;31m[Kerror: [m[K‘[01m[Ktarget_position[m[K’ was not declared in this scope
         distance = sqrt(pow(current_position[0]-[01;31m[Ktarget_position[m[K[0],2)+pow(current_position[1]-target_position[1],2));
                                                 [01;31m[K^~~~~~~~~~~~~~~[m[K
[01m[K/home/alessio/Desktop/progetto-labiagi/catkin_ws/src/pick_e_delivery/src/SetGoal.cpp:115:49:[m[K [01;36m[Knote: [m[Ksuggested alternative: ‘[01m[Kcurrent_position[m[K’
         distance = sqrt(pow(current_position[0]-[01;36m[Ktarget_position[m[K[0],2)+pow(current_position[1]-target_position[1],2));
                                                 [01;36m[K^~~~~~~~~~~~~~~[m[K
                                                 [32m[Kcurrent_position[m[K
make[2]: *** [CMakeFiles/SetGoal.dir/src/SetGoal.cpp.o] Error 1
make[1]: *** [CMakeFiles/SetGoal.dir/all] Error 2
make: *** [all] Error 2
