[  0%] Built target std_msgs_generate_messages_cpp
[  0%] Built target std_msgs_generate_messages_py
[  0%] Built target _pick_e_delivery_generate_messages_check_deps_NewGoal
[  0%] Built target std_msgs_generate_messages_nodejs
[  0%] Built target std_msgs_generate_messages_lisp
[  0%] Built target std_msgs_generate_messages_eus
[  9%] Built target pick_e_delivery_generate_messages_cpp
[ 18%] Built target pick_e_delivery_generate_messages_nodejs
[ 36%] Built target pick_e_delivery_generate_messages_py
[ 45%] Built target pick_e_delivery_generate_messages_lisp
[ 63%] Built target pick_e_delivery_generate_messages_eus
[35m[1mScanning dependencies of target Position[0m
[ 81%] Built target SetGoal
[ 81%] Built target pick_e_delivery_generate_messages
[ 90%] [32mBuilding CXX object CMakeFiles/Position.dir/src/Position.cpp.o[0m
In file included from [01m[K/opt/ros/melodic/include/ros/ros.h:40:0[m[K,
                 from [01m[K/home/alessio/Desktop/progetto-labiagi/catkin_ws/src/pick_e_delivery/src/Position.cpp:1[m[K:
[01m[K/home/alessio/Desktop/progetto-labiagi/catkin_ws/src/pick_e_delivery/src/Position.cpp:[m[K In function ‘[01m[Kvoid positionCallBack(const LaserScan&)[m[K’:
[01m[K/home/alessio/Desktop/progetto-labiagi/catkin_ws/src/pick_e_delivery/src/Position.cpp:18:127:[m[K [01;31m[Kerror: [m[K‘[01m[Kyaw[m[K’ was not declared in this scope
         ROS_INFO("x: %f, y: %f, yaw: %f", transformStamped.transform.translation.x, transformStamped.transform.translation.y, [01;31m[Ky[m[Kaw);
                                                                                                                               [01;31m[K^[m[K
[01m[K/opt/ros/melodic/include/ros/console.h:348:165:[m[K [01;36m[Knote: [m[Kin definition of macro ‘[01m[KROSCONSOLE_PRINT_AT_LOCATION_WITH_FILTER[m[K’
     ::ros::console::print(filter, __rosconsole_define_location__loc.logger_, __rosconsole_define_location__loc.level_, __FILE__, __LINE__, __ROSCONSOLE_FUNCTION__, [01;36m[K__VA_ARGS__[m[K)
                                                                                                                                                                     [01;36m[K^~~~~~~~~~~[m[K
[01m[K/opt/ros/melodic/include/ros/console.h:387:7:[m[K [01;36m[Knote: [m[Kin expansion of macro ‘[01m[KROSCONSOLE_PRINT_AT_LOCATION[m[K’
       [01;36m[KROSCONSOLE_PRINT_AT_LOCATION[m[K(__VA_ARGS__); \
       [01;36m[K^~~~~~~~~~~~~~~~~~~~~~~~~~~~[m[K
[01m[K/opt/ros/melodic/include/ros/console.h:572:35:[m[K [01;36m[Knote: [m[Kin expansion of macro ‘[01m[KROS_LOG_COND[m[K’
 #define ROS_LOG(level, name, ...) [01;36m[KROS_LOG_COND[m[K(true, level, name, __VA_ARGS__)
                                   [01;36m[K^~~~~~~~~~~~[m[K
[01m[K/opt/ros/melodic/include/rosconsole/macros_generated.h:110:23:[m[K [01;36m[Knote: [m[Kin expansion of macro ‘[01m[KROS_LOG[m[K’
 #define ROS_INFO(...) [01;36m[KROS_LOG[m[K(::ros::console::levels::Info, ROSCONSOLE_DEFAULT_NAME, __VA_ARGS__)
                       [01;36m[K^~~~~~~[m[K
[01m[K/home/alessio/Desktop/progetto-labiagi/catkin_ws/src/pick_e_delivery/src/Position.cpp:18:9:[m[K [01;36m[Knote: [m[Kin expansion of macro ‘[01m[KROS_INFO[m[K’
         [01;36m[KR[m[KOS_INFO("x: %f, y: %f, yaw: %f", transformStamped.transform.translation.x, transformStamped.transform.translation.y, yaw);
         [01;36m[K^[m[K
CMakeFiles/Position.dir/build.make:62: recipe for target 'CMakeFiles/Position.dir/src/Position.cpp.o' failed
CMakeFiles/Makefile2:295: recipe for target 'CMakeFiles/Position.dir/all' failed
make[2]: *** [CMakeFiles/Position.dir/src/Position.cpp.o] Error 1
make[1]: *** [CMakeFiles/Position.dir/all] Error 2
Makefile:140: recipe for target 'all' failed
make: *** [all] Error 2
