[  0%] Built target _pick_e_delivery_generate_messages_check_deps_Pose
[  0%] Built target _pick_e_delivery_generate_messages_check_deps_NewGoal
[35m[1mScanning dependencies of target _pick_e_delivery_generate_messages_check_deps_setTooLongInterval[0m
[  0%] Built target _pick_e_delivery_generate_messages_check_deps_setTooLongInterval
[  0%] Built target _pick_e_delivery_generate_messages_check_deps_Timeout
[  0%] Built target std_msgs_generate_messages_cpp
[  0%] Built target std_msgs_generate_messages_nodejs
[  0%] Built target std_msgs_generate_messages_py
[  0%] Built target std_msgs_generate_messages_lisp
[  0%] Built target std_msgs_generate_messages_eus
[  4%] [34m[1mGenerating C++ code from pick_e_delivery/setTooLongInterval.srv[0m
[  8%] [34m[1mGenerating Python code from SRV pick_e_delivery/setTooLongInterval[0m
[ 12%] [34m[1mGenerating Python msg __init__.py for pick_e_delivery[0m
[ 24%] Built target pick_e_delivery_generate_messages_cpp
[ 28%] [34m[1mGenerating Javascript code from pick_e_delivery/setTooLongInterval.srv[0m
[ 32%] [34m[1mGenerating Python srv __init__.py for pick_e_delivery[0m
[ 44%] Built target pick_e_delivery_generate_messages_nodejs
[ 48%] [34m[1mGenerating Lisp code from pick_e_delivery/setTooLongInterval.srv[0m
[ 60%] Built target pick_e_delivery_generate_messages_lisp
[ 64%] [34m[1mGenerating EusLisp code from pick_e_delivery/setTooLongInterval.srv[0m
[ 76%] Built target pick_e_delivery_generate_messages_py
[35m[1mScanning dependencies of target MainNode[0m
[ 92%] Built target pick_e_delivery_generate_messages_eus
[ 96%] [32mBuilding CXX object CMakeFiles/MainNode.dir/src/MainNode.cpp.o[0m
[ 96%] Built target pick_e_delivery_generate_messages
[01m[K/home/alessio/Desktop/progetto-labiagi/catkin_ws/src/pick_e_delivery/src/MainNode.cpp:15:10:[m[K [01;31m[Kfatal error: [m[Kpick_e_delivery/setTooLongInterva.h: No such file or directory
 #include [01;31m[K"pick_e_delivery/setTooLongInterva.h"[m[K
          [01;31m[K^~~~~~~~~~~~~~~~~~~~~~~~~~~~~~~~~~~~~[m[K
compilation terminated.
CMakeFiles/MainNode.dir/build.make:62: recipe for target 'CMakeFiles/MainNode.dir/src/MainNode.cpp.o' failed
CMakeFiles/Makefile2:207: recipe for target 'CMakeFiles/MainNode.dir/all' failed
Makefile:140: recipe for target 'all' failed
make[2]: *** [CMakeFiles/MainNode.dir/src/MainNode.cpp.o] Error 1
make[1]: *** [CMakeFiles/MainNode.dir/all] Error 2
make: *** [all] Error 2
