[01m[K/home/alessio/Desktop/progetto-labiagi/catkin_ws/src/pick_e_delivery/src/SetGoal.cpp:[m[K In function ‘[01m[Kvoid setGoalCallBack(const NewGoal&)[m[K’:
[01m[K/home/alessio/Desktop/progetto-labiagi/catkin_ws/src/pick_e_delivery/src/SetGoal.cpp:43:17:[m[K [01;31m[Kerror: [m[K‘[01m[Kconst NewGoal {aka const struct pick_e_delivery::NewGoal_<std::allocator<void> >}[m[K’ has no member named ‘[01m[Kstatus[m[K’
     if(new_goal.[01;31m[Kstatus[m[K == PICK && status != FREE) {
                 [01;31m[K^~~~~~[m[K
[01m[K/home/alessio/Desktop/progetto-labiagi/catkin_ws/src/pick_e_delivery/src/SetGoal.cpp:48:22:[m[K [01;31m[Kerror: [m[K‘[01m[Kconst NewGoal {aka const struct pick_e_delivery::NewGoal_<std::allocator<void> >}[m[K’ has no member named ‘[01m[Kstatus[m[K’
     else if(new_goal.[01;31m[Kstatus[m[K == FREE && status == DELIVERY) {
                      [01;31m[K^~~~~~[m[K
[01m[K/home/alessio/Desktop/progetto-labiagi/catkin_ws/src/pick_e_delivery/src/SetGoal.cpp:54:22:[m[K [01;31m[Kerror: [m[K‘[01m[Kconst NewGoal {aka const struct pick_e_delivery::NewGoal_<std::allocator<void> >}[m[K’ has no member named ‘[01m[Kstatus[m[K’
     else if(new_goal.[01;31m[Kstatus[m[K == FREE && status == GOBACK) {
                      [01;31m[K^~~~~~[m[K
[01m[K/home/alessio/Desktop/progetto-labiagi/catkin_ws/src/pick_e_delivery/src/SetGoal.cpp:60:22:[m[K [01;31m[Kerror: [m[K‘[01m[Kconst NewGoal {aka const struct pick_e_delivery::NewGoal_<std::allocator<void> >}[m[K’ has no member named ‘[01m[Kstatus[m[K’
     else if(new_goal.[01;31m[Kstatus[m[K == PICK && status == FREE) {
                      [01;31m[K^~~~~~[m[K
[01m[K/home/alessio/Desktop/progetto-labiagi/catkin_ws/src/pick_e_delivery/src/SetGoal.cpp:66:22:[m[K [01;31m[Kerror: [m[K‘[01m[Kconst NewGoal {aka const struct pick_e_delivery::NewGoal_<std::allocator<void> >}[m[K’ has no member named ‘[01m[Kstatus[m[K’
     else if(new_goal.[01;31m[Kstatus[m[K == DELIVERY && status == PICK) {
                      [01;31m[K^~~~~~[m[K
[01m[K/home/alessio/Desktop/progetto-labiagi/catkin_ws/src/pick_e_delivery/src/SetGoal.cpp:73:23:[m[K [01;31m[Kerror: [m[K‘[01m[Kconst NewGoal {aka const struct pick_e_delivery::NewGoal_<std::allocator<void> >}[m[K’ has no member named ‘[01m[Kstatus[m[K’
     status = new_goal.[01;31m[Kstatus[m[K;
                       [01;31m[K^~~~~~[m[K
make[2]: *** [CMakeFiles/SetGoal.dir/src/SetGoal.cpp.o] Error 1
make[1]: *** [CMakeFiles/SetGoal.dir/all] Error 2
make[1]: *** Waiting for unfinished jobs....
make: *** [all] Error 2
