[  0%] Built target std_msgs_generate_messages_nodejs
[  0%] Built target std_msgs_generate_messages_cpp
[  0%] Built target std_msgs_generate_messages_py
[  0%] Built target _pick_e_delivery_generate_messages_check_deps_setTooLongInterval
[  0%] Built target _pick_e_delivery_generate_messages_check_deps_Timeout
[  0%] Built target _pick_e_delivery_generate_messages_check_deps_setWaitPackInterval
[  0%] Built target _pick_e_delivery_generate_messages_check_deps_NewGoal
[  0%] Built target std_msgs_generate_messages_lisp
[  0%] Built target _pick_e_delivery_generate_messages_check_deps_Pose
[  0%] Built target std_msgs_generate_messages_eus
[ 23%] Built target pick_e_delivery_generate_messages_py
[ 56%] Built target pick_e_delivery_generate_messages_nodejs
[ 56%] Built target pick_e_delivery_generate_messages_lisp
[ 73%] Built target pick_e_delivery_generate_messages_cpp
[ 93%] Built target pick_e_delivery_generate_messages_eus
[35m[1mScanning dependencies of target MainNode[0m
[ 93%] Built target pick_e_delivery_generate_messages
[ 96%] [32mBuilding CXX object CMakeFiles/MainNode.dir/src/MainNode.cpp.o[0m
[01m[K/home/alessiohu/Desktop/progetto-labiagi/catkin_ws/src/pick_e_delivery/src/MainNode.cpp:[m[K In function ‘[01m[Kvoid setGoalCallBack(const NewGoal&)[m[K’:
[01m[K/home/alessiohu/Desktop/progetto-labiagi/catkin_ws/src/pick_e_delivery/src/MainNode.cpp:131:13:[m[K [01;31m[Kerror: [m[K‘[01m[Kelse[m[K’ without a previous ‘[01m[Kif[m[K’
             [01;31m[Kelse[m[K if(new_goal.command == FREE) {
             [01;31m[K^~~~[m[K
CMakeFiles/MainNode.dir/build.make:62: recipe for target 'CMakeFiles/MainNode.dir/src/MainNode.cpp.o' failed
make[2]: *** [CMakeFiles/MainNode.dir/src/MainNode.cpp.o] Error 1
CMakeFiles/Makefile2:210: recipe for target 'CMakeFiles/MainNode.dir/all' failed
make[1]: *** [CMakeFiles/MainNode.dir/all] Error 2
Makefile:140: recipe for target 'all' failed
make: *** [all] Error 2
