[35m[1mScanning dependencies of target _pick_e_delivery_generate_messages_check_deps_Pose[0m
[  0%] Built target _pick_e_delivery_generate_messages_check_deps_Pose
[  0%] Built target std_msgs_generate_messages_cpp
[  0%] Built target _pick_e_delivery_generate_messages_check_deps_NewGoal
[  0%] Built target std_msgs_generate_messages_nodejs
[  0%] Built target std_msgs_generate_messages_py
[  0%] Built target std_msgs_generate_messages_eus
[  0%] Built target std_msgs_generate_messages_lisp
[  6%] [34m[1mGenerating C++ code from pick_e_delivery/Pose.msg[0m
[ 12%] [34m[1mGenerating Python from MSG pick_e_delivery/Pose[0m
[ 18%] Built target pick_e_delivery_generate_messages_cpp
[ 25%] [34m[1mGenerating Javascript code from pick_e_delivery/Pose.msg[0m
[ 31%] [34m[1mGenerating Python msg __init__.py for pick_e_delivery[0m
[ 37%] Built target pick_e_delivery_generate_messages_nodejs
[ 43%] Built target pick_e_delivery_generate_messages_py
[ 50%] [34m[1mGenerating Lisp code from pick_e_delivery/Pose.msg[0m
[ 56%] [34m[1mGenerating EusLisp code from pick_e_delivery/Pose.msg[0m
[ 62%] Built target pick_e_delivery_generate_messages_lisp
[ 75%] Built target pick_e_delivery_generate_messages_eus
[35m[1mScanning dependencies of target Position[0m
[ 81%] [32mBuilding CXX object CMakeFiles/Position.dir/src/Position.cpp.o[0m
[ 93%] Built target SetGoal
[ 93%] Built target pick_e_delivery_generate_messages
[100%] [32m[1mLinking CXX executable /home/alessio/Desktop/progetto-labiagi/catkin_ws/devel/.private/pick_e_delivery/lib/pick_e_delivery/Position[0m
[100%] Built target Position
