[01m[K/home/alessio/Desktop/progetto-labiagi/catkin_ws/src/pick_e_delivery/src/SetGoal.cpp:[m[K In function ‘[01m[Kvoid setGoalCallBack(const NewGoal&)[m[K’:
[01m[K/home/alessio/Desktop/progetto-labiagi/catkin_ws/src/pick_e_delivery/src/SetGoal.cpp:37:22:[m[K [01;35m[Kwarning: [m[KISO C++ forbids converting a string constant to ‘[01m[Kchar*[m[K’ [[01;35m[K-Wwrite-strings[m[K]
         status_msg = [01;35m[K"Il robot si sta dirigendo verso il mittente per prelevare il pacco"[m[K;
                      [01;35m[K^~~~~~~~~~~~~~~~~~~~~~~~~~~~~~~~~~~~~~~~~~~~~~~~~~~~~~~~~~~~~~~~~~~~[m[K
[01m[K/home/alessio/Desktop/progetto-labiagi/catkin_ws/src/pick_e_delivery/src/SetGoal.cpp:40:22:[m[K [01;35m[Kwarning: [m[KISO C++ forbids converting a string constant to ‘[01m[Kchar*[m[K’ [[01;35m[K-Wwrite-strings[m[K]
         status_msg = [01;35m[K"Il robot si sta dirigendo verso il destinatario per consegnare il pacco"[m[K
                      [01;35m[K^~~~~~~~~~~~~~~~~~~~~~~~~~~~~~~~~~~~~~~~~~~~~~~~~~~~~~~~~~~~~~~~~~~~~~~~~[m[K
[01m[K/home/alessio/Desktop/progetto-labiagi/catkin_ws/src/pick_e_delivery/src/SetGoal.cpp:41:5:[m[K [01;31m[Kerror: [m[Kexpected ‘[01m[K;[m[K’ before ‘[01m[K}[m[K’ token
     [01;31m[K}[m[K
     [01;31m[K^[m[K
[01m[K/home/alessio/Desktop/progetto-labiagi/catkin_ws/src/pick_e_delivery/src/SetGoal.cpp:[m[K In function ‘[01m[Kvoid check1_CallBack(const ros::TimerEvent&)[m[K’:
[01m[K/home/alessio/Desktop/progetto-labiagi/catkin_ws/src/pick_e_delivery/src/SetGoal.cpp:113:26:[m[K [01;35m[Kwarning: [m[KISO C++ forbids converting a string constant to ‘[01m[Kchar*[m[K’ [[01;35m[K-Wwrite-strings[m[K]
             status_msg = [01;35m[K"Sono arrivato a destinazione!"[m[K;
                          [01;35m[K^~~~~~~~~~~~~~~~~~~~~~~~~~~~~~~[m[K
[01m[K/home/alessio/Desktop/progetto-labiagi/catkin_ws/src/pick_e_delivery/src/SetGoal.cpp:[m[K In function ‘[01m[Kint main(int, char**)[m[K’:
[01m[K/home/alessio/Desktop/progetto-labiagi/catkin_ws/src/pick_e_delivery/src/SetGoal.cpp:150:18:[m[K [01;35m[Kwarning: [m[KISO C++ forbids converting a string constant to ‘[01m[Kchar*[m[K’ [[01;35m[K-Wwrite-strings[m[K]
     status_msg = [01;35m[K"Il robot è pronto a ricevere un nuovo ordine!"[m[K;
                  [01;35m[K^~~~~~~~~~~~~~~~~~~~~~~~~~~~~~~~~~~~~~~~~~~~~~~~[m[K
make[2]: *** [CMakeFiles/SetGoal.dir/src/SetGoal.cpp.o] Error 1
make[1]: *** [CMakeFiles/SetGoal.dir/all] Error 2
make: *** [all] Error 2
