Linked: (/home/alessio/Desktop/progetto-labiagi/catkin_ws/devel/.private/pick_e_delivery/lib/python2.7/dist-packages/pick_e_delivery/__init__.py, /home/alessio/Desktop/progetto-labiagi/catkin_ws/devel/lib/python2.7/dist-packages/pick_e_delivery/__init__.py)
Linked: (/home/alessio/Desktop/progetto-labiagi/catkin_ws/devel/.private/pick_e_delivery/lib/python2.7/dist-packages/pick_e_delivery/msg/_NewGoal.py, /home/alessio/Desktop/progetto-labiagi/catkin_ws/devel/lib/python2.7/dist-packages/pick_e_delivery/msg/_NewGoal.py)
Linked: (/home/alessio/Desktop/progetto-labiagi/catkin_ws/devel/.private/pick_e_delivery/lib/python2.7/dist-packages/pick_e_delivery/msg/__init__.py, /home/alessio/Desktop/progetto-labiagi/catkin_ws/devel/lib/python2.7/dist-packages/pick_e_delivery/msg/__init__.py)
Linked: (/home/alessio/Desktop/progetto-labiagi/catkin_ws/devel/.private/pick_e_delivery/lib/pkgconfig/pick_e_delivery.pc, /home/alessio/Desktop/progetto-labiagi/catkin_ws/devel/lib/pkgconfig/pick_e_delivery.pc)
Symlinking /home/alessio/Desktop/progetto-labiagi/catkin_ws/devel/lib/pick_e_delivery/Position
Linked: (/home/alessio/Desktop/progetto-labiagi/catkin_ws/devel/.private/pick_e_delivery/lib/pick_e_delivery/SetGoal, /home/alessio/Desktop/progetto-labiagi/catkin_ws/devel/lib/pick_e_delivery/SetGoal)
Linked: (/home/alessio/Desktop/progetto-labiagi/catkin_ws/devel/.private/pick_e_delivery/share/roseus/ros/pick_e_delivery/manifest.l, /home/alessio/Desktop/progetto-labiagi/catkin_ws/devel/share/roseus/ros/pick_e_delivery/manifest.l)
Linked: (/home/alessio/Desktop/progetto-labiagi/catkin_ws/devel/.private/pick_e_delivery/share/roseus/ros/pick_e_delivery/msg/NewGoal.l, /home/alessio/Desktop/progetto-labiagi/catkin_ws/devel/share/roseus/ros/pick_e_delivery/msg/NewGoal.l)
Linked: (/home/alessio/Desktop/progetto-labiagi/catkin_ws/devel/.private/pick_e_delivery/share/gennodejs/ros/pick_e_delivery/_index.js, /home/alessio/Desktop/progetto-labiagi/catkin_ws/devel/share/gennodejs/ros/pick_e_delivery/_index.js)
Linked: (/home/alessio/Desktop/progetto-labiagi/catkin_ws/devel/.private/pick_e_delivery/share/gennodejs/ros/pick_e_delivery/msg/_index.js, /home/alessio/Desktop/progetto-labiagi/catkin_ws/devel/share/gennodejs/ros/pick_e_delivery/msg/_index.js)
Linked: (/home/alessio/Desktop/progetto-labiagi/catkin_ws/devel/.private/pick_e_delivery/share/gennodejs/ros/pick_e_delivery/msg/NewGoal.js, /home/alessio/Desktop/progetto-labiagi/catkin_ws/devel/share/gennodejs/ros/pick_e_delivery/msg/NewGoal.js)
Linked: (/home/alessio/Desktop/progetto-labiagi/catkin_ws/devel/.private/pick_e_delivery/share/common-lisp/ros/pick_e_delivery/msg/NewGoal.lisp, /home/alessio/Desktop/progetto-labiagi/catkin_ws/devel/share/common-lisp/ros/pick_e_delivery/msg/NewGoal.lisp)
Linked: (/home/alessio/Desktop/progetto-labiagi/catkin_ws/devel/.private/pick_e_delivery/share/common-lisp/ros/pick_e_delivery/msg/pick_e_delivery-msg.asd, /home/alessio/Desktop/progetto-labiagi/catkin_ws/devel/share/common-lisp/ros/pick_e_delivery/msg/pick_e_delivery-msg.asd)
Linked: (/home/alessio/Desktop/progetto-labiagi/catkin_ws/devel/.private/pick_e_delivery/share/common-lisp/ros/pick_e_delivery/msg/_package.lisp, /home/alessio/Desktop/progetto-labiagi/catkin_ws/devel/share/common-lisp/ros/pick_e_delivery/msg/_package.lisp)
Linked: (/home/alessio/Desktop/progetto-labiagi/catkin_ws/devel/.private/pick_e_delivery/share/common-lisp/ros/pick_e_delivery/msg/_package_NewGoal.lisp, /home/alessio/Desktop/progetto-labiagi/catkin_ws/devel/share/common-lisp/ros/pick_e_delivery/msg/_package_NewGoal.lisp)
Linked: (/home/alessio/Desktop/progetto-labiagi/catkin_ws/devel/.private/pick_e_delivery/share/pick_e_delivery/cmake/pick_e_deliveryConfig.cmake, /home/alessio/Desktop/progetto-labiagi/catkin_ws/devel/share/pick_e_delivery/cmake/pick_e_deliveryConfig.cmake)
Linked: (/home/alessio/Desktop/progetto-labiagi/catkin_ws/devel/.private/pick_e_delivery/share/pick_e_delivery/cmake/pick_e_delivery-msg-paths.cmake, /home/alessio/Desktop/progetto-labiagi/catkin_ws/devel/share/pick_e_delivery/cmake/pick_e_delivery-msg-paths.cmake)
Linked: (/home/alessio/Desktop/progetto-labiagi/catkin_ws/devel/.private/pick_e_delivery/share/pick_e_delivery/cmake/pick_e_deliveryConfig-version.cmake, /home/alessio/Desktop/progetto-labiagi/catkin_ws/devel/share/pick_e_delivery/cmake/pick_e_deliveryConfig-version.cmake)
Linked: (/home/alessio/Desktop/progetto-labiagi/catkin_ws/devel/.private/pick_e_delivery/share/pick_e_delivery/cmake/pick_e_delivery-msg-extras.cmake, /home/alessio/Desktop/progetto-labiagi/catkin_ws/devel/share/pick_e_delivery/cmake/pick_e_delivery-msg-extras.cmake)
Linked: (/home/alessio/Desktop/progetto-labiagi/catkin_ws/devel/.private/pick_e_delivery/include/pick_e_delivery/NewGoal.h, /home/alessio/Desktop/progetto-labiagi/catkin_ws/devel/include/pick_e_delivery/NewGoal.h)
