Not searching for unused variables given on the command line.
[36m--[0m Using CATKIN_DEVEL_PREFIX: /home/alessiohu/Desktop/progetto-labiagi/catkin_ws/devel/.private/srrg2_map_server
[36m--[0m Using CMAKE_PREFIX_PATH: /home/alessiohu/Desktop/progetto-labiagi/catkin_ws/devel;/opt/ros/melodic
[36m--[0m This workspace overlays: /home/alessiohu/Desktop/progetto-labiagi/catkin_ws/devel;/opt/ros/melodic
[36m--[0m Found PythonInterp: /usr/bin/python2 (found suitable version "2.7.17", minimum required is "2")
[36m--[0m Using PYTHON_EXECUTABLE: /usr/bin/python2
[36m--[0m Using Debian Python package layout
[36m--[0m Using empy: /usr/bin/empy
[36m--[0m Using CATKIN_ENABLE_TESTING: ON
[36m--[0m Call enable_testing()
[36m--[0m Using CATKIN_TEST_RESULTS_DIR: /home/alessiohu/Desktop/progetto-labiagi/catkin_ws/build/srrg2_map_server/test_results
[36m--[0m Found gtest sources under '/usr/src/googletest': gtests will be built
[36m--[0m Found gmock sources under '/usr/src/googletest': gmock will be built
[36m--[0m Found PythonInterp: /usr/bin/python2 (found version "2.7.17")
[36m--[0m Using Python nosetests: /usr/bin/nosetests-2.7
[36m--[0m catkin 0.7.29
[36m--[0m BUILD_SHARED_LIBS is on
[36m--[0m Using these message generators: gencpp;geneus;genlisp;gennodejs;genpy
srrg2_map_server|good you have a fresh compiler, using std=c++17 flag
srrg2_map_server|build type: Release
srrg2_map_server|cxx_standard: 17
srrg2_map_server|common cxx flags:  -fPIC -Wall -Ofast -DNDEBUG -march=native
srrg2_map_server|compiling with these CXX flags:  -fPIC -Wall -Ofast -DNDEBUG -march=native -Werror=pedantic
[36m--[0m Found Bullet: /usr/lib/x86_64-linux-gnu/libBulletDynamics.so
[36m--[0m Boost version: 1.65.1
[36m--[0m Found the following Boost libraries:
[36m--[0m   filesystem
[36m--[0m   system
[36m--[0m Found OpenCV: /usr (found version "3.2.0")
srrg2_map_server|OpenCV version 3.2.0 found in (/usr/share/OpenCV)
srrg2_map_server|OpenCV_INCLUDE_DIRS: /usr/include;/usr/include/opencv
[36m--[0m Found PkgConfig: /usr/bin/pkg-config (found version "0.29.1")
[36m--[0m Checking for module 'yaml-cpp'
[36m--[0m   Found yaml-cpp, version 0.5.2
[36m--[0m Configuring done
[36m--[0m Generating done
[36m--[0m Build files have been written to: /home/alessiohu/Desktop/progetto-labiagi/catkin_ws/build/srrg2_map_server
