Determining if the pthread_create exist failed with the following output:
Change Dir: /home/alessio/Desktop/progetto-labiagi/catkin_ws/build/laser/CMakeFiles/CMakeTmp

Run Build Command:"/usr/bin/make" "cmTC_2a73e/fast"
/usr/bin/make -f CMakeFiles/cmTC_2a73e.dir/build.make CMakeFiles/cmTC_2a73e.dir/build
make[1]: Entering directory '/home/alessio/Desktop/progetto-labiagi/catkin_ws/build/laser/CMakeFiles/CMakeTmp'
Building C object CMakeFiles/cmTC_2a73e.dir/CheckSymbolExists.c.o
/usr/bin/cc    -o CMakeFiles/cmTC_2a73e.dir/CheckSymbolExists.c.o   -c /home/alessio/Desktop/progetto-labiagi/catkin_ws/build/laser/CMakeFiles/CMakeTmp/CheckSymbolExists.c
Linking C executable cmTC_2a73e
/usr/bin/cmake -E cmake_link_script CMakeFiles/cmTC_2a73e.dir/link.txt --verbose=1
/usr/bin/cc      -rdynamic CMakeFiles/cmTC_2a73e.dir/CheckSymbolExists.c.o  -o cmTC_2a73e 
CMakeFiles/cmTC_2a73e.dir/CheckSymbolExists.c.o: In function `main':
CheckSymbolExists.c:(.text+0x1b): undefined reference to `pthread_create'
collect2: error: ld returned 1 exit status
CMakeFiles/cmTC_2a73e.dir/build.make:97: recipe for target 'cmTC_2a73e' failed
make[1]: *** [cmTC_2a73e] Error 1
make[1]: Leaving directory '/home/alessio/Desktop/progetto-labiagi/catkin_ws/build/laser/CMakeFiles/CMakeTmp'
Makefile:126: recipe for target 'cmTC_2a73e/fast' failed
make: *** [cmTC_2a73e/fast] Error 2

File /home/alessio/Desktop/progetto-labiagi/catkin_ws/build/laser/CMakeFiles/CMakeTmp/CheckSymbolExists.c:
/* */
#include <pthread.h>

int main(int argc, char** argv)
{
  (void)argv;
#ifndef pthread_create
  return ((int*)(&pthread_create))[argc];
#else
  (void)argc;
  return 0;
#endif
}

Determining if the function pthread_create exists in the pthreads failed with the following output:
Change Dir: /home/alessio/Desktop/progetto-labiagi/catkin_ws/build/laser/CMakeFiles/CMakeTmp

Run Build Command:"/usr/bin/make" "cmTC_bbb81/fast"
/usr/bin/make -f CMakeFiles/cmTC_bbb81.dir/build.make CMakeFiles/cmTC_bbb81.dir/build
make[1]: Entering directory '/home/alessio/Desktop/progetto-labiagi/catkin_ws/build/laser/CMakeFiles/CMakeTmp'
Building C object CMakeFiles/cmTC_bbb81.dir/CheckFunctionExists.c.o
/usr/bin/cc   -DCHECK_FUNCTION_EXISTS=pthread_create   -o CMakeFiles/cmTC_bbb81.dir/CheckFunctionExists.c.o   -c /usr/share/cmake-3.10/Modules/CheckFunctionExists.c
Linking C executable cmTC_bbb81
/usr/bin/cmake -E cmake_link_script CMakeFiles/cmTC_bbb81.dir/link.txt --verbose=1
/usr/bin/cc  -DCHECK_FUNCTION_EXISTS=pthread_create    -rdynamic CMakeFiles/cmTC_bbb81.dir/CheckFunctionExists.c.o  -o cmTC_bbb81 -lpthreads 
/usr/bin/ld: cannot find -lpthreads
collect2: error: ld returned 1 exit status
CMakeFiles/cmTC_bbb81.dir/build.make:97: recipe for target 'cmTC_bbb81' failed
make[1]: *** [cmTC_bbb81] Error 1
make[1]: Leaving directory '/home/alessio/Desktop/progetto-labiagi/catkin_ws/build/laser/CMakeFiles/CMakeTmp'
Makefile:126: recipe for target 'cmTC_bbb81/fast' failed
make: *** [cmTC_bbb81/fast] Error 2


