Linked: (/home/alessio/Desktop/progetto-labiagi/catkin_ws/devel/.private/srrg2_navigation_2d_msgs/lib/python2.7/dist-packages/srrg2_navigation_2d_msgs/__init__.py, /home/alessio/Desktop/progetto-labiagi/catkin_ws/devel/lib/python2.7/dist-packages/srrg2_navigation_2d_msgs/__init__.py)
Linked: (/home/alessio/Desktop/progetto-labiagi/catkin_ws/devel/.private/srrg2_navigation_2d_msgs/lib/python2.7/dist-packages/srrg2_navigation_2d_msgs/msg/_LocalPathPlannerStatus.py, /home/alessio/Desktop/progetto-labiagi/catkin_ws/devel/lib/python2.7/dist-packages/srrg2_navigation_2d_msgs/msg/_LocalPathPlannerStatus.py)
Linked: (/home/alessio/Desktop/progetto-labiagi/catkin_ws/devel/.private/srrg2_navigation_2d_msgs/lib/python2.7/dist-packages/srrg2_navigation_2d_msgs/msg/_CollisionAvoiderStatus.py, /home/alessio/Desktop/progetto-labiagi/catkin_ws/devel/lib/python2.7/dist-packages/srrg2_navigation_2d_msgs/msg/_CollisionAvoiderStatus.py)
Linked: (/home/alessio/Desktop/progetto-labiagi/catkin_ws/devel/.private/srrg2_navigation_2d_msgs/lib/python2.7/dist-packages/srrg2_navigation_2d_msgs/msg/_PathFollowerStatus.py, /home/alessio/Desktop/progetto-labiagi/catkin_ws/devel/lib/python2.7/dist-packages/srrg2_navigation_2d_msgs/msg/_PathFollowerStatus.py)
Linked: (/home/alessio/Desktop/progetto-labiagi/catkin_ws/devel/.private/srrg2_navigation_2d_msgs/lib/python2.7/dist-packages/srrg2_navigation_2d_msgs/msg/__init__.py, /home/alessio/Desktop/progetto-labiagi/catkin_ws/devel/lib/python2.7/dist-packages/srrg2_navigation_2d_msgs/msg/__init__.py)
Linked: (/home/alessio/Desktop/progetto-labiagi/catkin_ws/devel/.private/srrg2_navigation_2d_msgs/lib/pkgconfig/srrg2_navigation_2d_msgs.pc, /home/alessio/Desktop/progetto-labiagi/catkin_ws/devel/lib/pkgconfig/srrg2_navigation_2d_msgs.pc)
Linked: (/home/alessio/Desktop/progetto-labiagi/catkin_ws/devel/.private/srrg2_navigation_2d_msgs/share/roseus/ros/srrg2_navigation_2d_msgs/manifest.l, /home/alessio/Desktop/progetto-labiagi/catkin_ws/devel/share/roseus/ros/srrg2_navigation_2d_msgs/manifest.l)
Linked: (/home/alessio/Desktop/progetto-labiagi/catkin_ws/devel/.private/srrg2_navigation_2d_msgs/share/roseus/ros/srrg2_navigation_2d_msgs/msg/CollisionAvoiderStatus.l, /home/alessio/Desktop/progetto-labiagi/catkin_ws/devel/share/roseus/ros/srrg2_navigation_2d_msgs/msg/CollisionAvoiderStatus.l)
Linked: (/home/alessio/Desktop/progetto-labiagi/catkin_ws/devel/.private/srrg2_navigation_2d_msgs/share/roseus/ros/srrg2_navigation_2d_msgs/msg/LocalPathPlannerStatus.l, /home/alessio/Desktop/progetto-labiagi/catkin_ws/devel/share/roseus/ros/srrg2_navigation_2d_msgs/msg/LocalPathPlannerStatus.l)
Linked: (/home/alessio/Desktop/progetto-labiagi/catkin_ws/devel/.private/srrg2_navigation_2d_msgs/share/roseus/ros/srrg2_navigation_2d_msgs/msg/PathFollowerStatus.l, /home/alessio/Desktop/progetto-labiagi/catkin_ws/devel/share/roseus/ros/srrg2_navigation_2d_msgs/msg/PathFollowerStatus.l)
Linked: (/home/alessio/Desktop/progetto-labiagi/catkin_ws/devel/.private/srrg2_navigation_2d_msgs/share/gennodejs/ros/srrg2_navigation_2d_msgs/_index.js, /home/alessio/Desktop/progetto-labiagi/catkin_ws/devel/share/gennodejs/ros/srrg2_navigation_2d_msgs/_index.js)
Linked: (/home/alessio/Desktop/progetto-labiagi/catkin_ws/devel/.private/srrg2_navigation_2d_msgs/share/gennodejs/ros/srrg2_navigation_2d_msgs/msg/_index.js, /home/alessio/Desktop/progetto-labiagi/catkin_ws/devel/share/gennodejs/ros/srrg2_navigation_2d_msgs/msg/_index.js)
Linked: (/home/alessio/Desktop/progetto-labiagi/catkin_ws/devel/.private/srrg2_navigation_2d_msgs/share/gennodejs/ros/srrg2_navigation_2d_msgs/msg/LocalPathPlannerStatus.js, /home/alessio/Desktop/progetto-labiagi/catkin_ws/devel/share/gennodejs/ros/srrg2_navigation_2d_msgs/msg/LocalPathPlannerStatus.js)
Linked: (/home/alessio/Desktop/progetto-labiagi/catkin_ws/devel/.private/srrg2_navigation_2d_msgs/share/gennodejs/ros/srrg2_navigation_2d_msgs/msg/CollisionAvoiderStatus.js, /home/alessio/Desktop/progetto-labiagi/catkin_ws/devel/share/gennodejs/ros/srrg2_navigation_2d_msgs/msg/CollisionAvoiderStatus.js)
Linked: (/home/alessio/Desktop/progetto-labiagi/catkin_ws/devel/.private/srrg2_navigation_2d_msgs/share/gennodejs/ros/srrg2_navigation_2d_msgs/msg/PathFollowerStatus.js, /home/alessio/Desktop/progetto-labiagi/catkin_ws/devel/share/gennodejs/ros/srrg2_navigation_2d_msgs/msg/PathFollowerStatus.js)
Linked: (/home/alessio/Desktop/progetto-labiagi/catkin_ws/devel/.private/srrg2_navigation_2d_msgs/share/common-lisp/ros/srrg2_navigation_2d_msgs/msg/_package_CollisionAvoiderStatus.lisp, /home/alessio/Desktop/progetto-labiagi/catkin_ws/devel/share/common-lisp/ros/srrg2_navigation_2d_msgs/msg/_package_CollisionAvoiderStatus.lisp)
Linked: (/home/alessio/Desktop/progetto-labiagi/catkin_ws/devel/.private/srrg2_navigation_2d_msgs/share/common-lisp/ros/srrg2_navigation_2d_msgs/msg/PathFollowerStatus.lisp, /home/alessio/Desktop/progetto-labiagi/catkin_ws/devel/share/common-lisp/ros/srrg2_navigation_2d_msgs/msg/PathFollowerStatus.lisp)
Linked: (/home/alessio/Desktop/progetto-labiagi/catkin_ws/devel/.private/srrg2_navigation_2d_msgs/share/common-lisp/ros/srrg2_navigation_2d_msgs/msg/CollisionAvoiderStatus.lisp, /home/alessio/Desktop/progetto-labiagi/catkin_ws/devel/share/common-lisp/ros/srrg2_navigation_2d_msgs/msg/CollisionAvoiderStatus.lisp)
Linked: (/home/alessio/Desktop/progetto-labiagi/catkin_ws/devel/.private/srrg2_navigation_2d_msgs/share/common-lisp/ros/srrg2_navigation_2d_msgs/msg/_package_LocalPathPlannerStatus.lisp, /home/alessio/Desktop/progetto-labiagi/catkin_ws/devel/share/common-lisp/ros/srrg2_navigation_2d_msgs/msg/_package_LocalPathPlannerStatus.lisp)
Linked: (/home/alessio/Desktop/progetto-labiagi/catkin_ws/devel/.private/srrg2_navigation_2d_msgs/share/common-lisp/ros/srrg2_navigation_2d_msgs/msg/_package.lisp, /home/alessio/Desktop/progetto-labiagi/catkin_ws/devel/share/common-lisp/ros/srrg2_navigation_2d_msgs/msg/_package.lisp)
Linked: (/home/alessio/Desktop/progetto-labiagi/catkin_ws/devel/.private/srrg2_navigation_2d_msgs/share/common-lisp/ros/srrg2_navigation_2d_msgs/msg/srrg2_navigation_2d_msgs-msg.asd, /home/alessio/Desktop/progetto-labiagi/catkin_ws/devel/share/common-lisp/ros/srrg2_navigation_2d_msgs/msg/srrg2_navigation_2d_msgs-msg.asd)
Linked: (/home/alessio/Desktop/progetto-labiagi/catkin_ws/devel/.private/srrg2_navigation_2d_msgs/share/common-lisp/ros/srrg2_navigation_2d_msgs/msg/LocalPathPlannerStatus.lisp, /home/alessio/Desktop/progetto-labiagi/catkin_ws/devel/share/common-lisp/ros/srrg2_navigation_2d_msgs/msg/LocalPathPlannerStatus.lisp)
Linked: (/home/alessio/Desktop/progetto-labiagi/catkin_ws/devel/.private/srrg2_navigation_2d_msgs/share/common-lisp/ros/srrg2_navigation_2d_msgs/msg/_package_PathFollowerStatus.lisp, /home/alessio/Desktop/progetto-labiagi/catkin_ws/devel/share/common-lisp/ros/srrg2_navigation_2d_msgs/msg/_package_PathFollowerStatus.lisp)
Linked: (/home/alessio/Desktop/progetto-labiagi/catkin_ws/devel/.private/srrg2_navigation_2d_msgs/share/srrg2_navigation_2d_msgs/cmake/srrg2_navigation_2d_msgs-msg-extras.cmake, /home/alessio/Desktop/progetto-labiagi/catkin_ws/devel/share/srrg2_navigation_2d_msgs/cmake/srrg2_navigation_2d_msgs-msg-extras.cmake)
Linked: (/home/alessio/Desktop/progetto-labiagi/catkin_ws/devel/.private/srrg2_navigation_2d_msgs/share/srrg2_navigation_2d_msgs/cmake/srrg2_navigation_2d_msgsConfig.cmake, /home/alessio/Desktop/progetto-labiagi/catkin_ws/devel/share/srrg2_navigation_2d_msgs/cmake/srrg2_navigation_2d_msgsConfig.cmake)
Linked: (/home/alessio/Desktop/progetto-labiagi/catkin_ws/devel/.private/srrg2_navigation_2d_msgs/share/srrg2_navigation_2d_msgs/cmake/srrg2_navigation_2d_msgsConfig-version.cmake, /home/alessio/Desktop/progetto-labiagi/catkin_ws/devel/share/srrg2_navigation_2d_msgs/cmake/srrg2_navigation_2d_msgsConfig-version.cmake)
Linked: (/home/alessio/Desktop/progetto-labiagi/catkin_ws/devel/.private/srrg2_navigation_2d_msgs/share/srrg2_navigation_2d_msgs/cmake/srrg2_navigation_2d_msgs-msg-paths.cmake, /home/alessio/Desktop/progetto-labiagi/catkin_ws/devel/share/srrg2_navigation_2d_msgs/cmake/srrg2_navigation_2d_msgs-msg-paths.cmake)
Linked: (/home/alessio/Desktop/progetto-labiagi/catkin_ws/devel/.private/srrg2_navigation_2d_msgs/include/srrg2_navigation_2d_msgs/PathFollowerStatus.h, /home/alessio/Desktop/progetto-labiagi/catkin_ws/devel/include/srrg2_navigation_2d_msgs/PathFollowerStatus.h)
Linked: (/home/alessio/Desktop/progetto-labiagi/catkin_ws/devel/.private/srrg2_navigation_2d_msgs/include/srrg2_navigation_2d_msgs/CollisionAvoiderStatus.h, /home/alessio/Desktop/progetto-labiagi/catkin_ws/devel/include/srrg2_navigation_2d_msgs/CollisionAvoiderStatus.h)
Linked: (/home/alessio/Desktop/progetto-labiagi/catkin_ws/devel/.private/srrg2_navigation_2d_msgs/include/srrg2_navigation_2d_msgs/LocalPathPlannerStatus.h, /home/alessio/Desktop/progetto-labiagi/catkin_ws/devel/include/srrg2_navigation_2d_msgs/LocalPathPlannerStatus.h)
