[  0%] Built target geometry_msgs_generate_messages_eus
[  0%] Built target std_msgs_generate_messages_eus
[  0%] Built target _srrg2_navigation_2d_msgs_generate_messages_check_deps_PathFollowerStatus
[  0%] Built target _srrg2_navigation_2d_msgs_generate_messages_check_deps_CollisionAvoiderStatus
[  0%] Built target _srrg2_navigation_2d_msgs_generate_messages_check_deps_LocalPathPlannerStatus
[  0%] Built target std_msgs_generate_messages_nodejs
[  0%] Built target geometry_msgs_generate_messages_nodejs
[  0%] Built target geometry_msgs_generate_messages_lisp
[  0%] Built target std_msgs_generate_messages_lisp
[  0%] Built target geometry_msgs_generate_messages_cpp
[  0%] Built target std_msgs_generate_messages_cpp
[  0%] Built target geometry_msgs_generate_messages_py
[  0%] Built target std_msgs_generate_messages_py
[  5%] [34m[1mGenerating EusLisp code from srrg2_navigation_2d_msgs/LocalPathPlannerStatus.msg[0m
[ 11%] [34m[1mGenerating EusLisp code from srrg2_navigation_2d_msgs/CollisionAvoiderStatus.msg[0m
[ 17%] [34m[1mGenerating EusLisp code from srrg2_navigation_2d_msgs/PathFollowerStatus.msg[0m
[ 23%] Built target srrg2_navigation_2d_msgs_generate_messages_eus
[ 29%] [34m[1mGenerating Javascript code from srrg2_navigation_2d_msgs/LocalPathPlannerStatus.msg[0m
[ 35%] [34m[1mGenerating Javascript code from srrg2_navigation_2d_msgs/CollisionAvoiderStatus.msg[0m
[ 41%] [34m[1mGenerating Javascript code from srrg2_navigation_2d_msgs/PathFollowerStatus.msg[0m
[ 41%] Built target srrg2_navigation_2d_msgs_generate_messages_nodejs
[ 47%] [34m[1mGenerating Lisp code from srrg2_navigation_2d_msgs/LocalPathPlannerStatus.msg[0m
[ 52%] [34m[1mGenerating Lisp code from srrg2_navigation_2d_msgs/CollisionAvoiderStatus.msg[0m
[ 58%] [34m[1mGenerating Lisp code from srrg2_navigation_2d_msgs/PathFollowerStatus.msg[0m
[ 58%] Built target srrg2_navigation_2d_msgs_generate_messages_lisp
[ 64%] [34m[1mGenerating C++ code from srrg2_navigation_2d_msgs/LocalPathPlannerStatus.msg[0m
[ 70%] [34m[1mGenerating C++ code from srrg2_navigation_2d_msgs/CollisionAvoiderStatus.msg[0m
[ 76%] [34m[1mGenerating C++ code from srrg2_navigation_2d_msgs/PathFollowerStatus.msg[0m
[ 76%] Built target srrg2_navigation_2d_msgs_generate_messages_cpp
[ 82%] [34m[1mGenerating Python from MSG srrg2_navigation_2d_msgs/LocalPathPlannerStatus[0m
[ 88%] [34m[1mGenerating Python from MSG srrg2_navigation_2d_msgs/CollisionAvoiderStatus[0m
[ 94%] [34m[1mGenerating Python from MSG srrg2_navigation_2d_msgs/PathFollowerStatus[0m
[100%] [34m[1mGenerating Python msg __init__.py for srrg2_navigation_2d_msgs[0m
[100%] Built target srrg2_navigation_2d_msgs_generate_messages_py
[100%] Built target srrg2_navigation_2d_msgs_generate_messages
