Symlinking /home/alessio/Desktop/progetto-labiagi/catkin_ws/devel/lib/python2.7/dist-packages/srrg2_navigation_2d_msgs/__init__.py
Symlinking /home/alessio/Desktop/progetto-labiagi/catkin_ws/devel/lib/python2.7/dist-packages/srrg2_navigation_2d_msgs/msg/_LocalPathPlannerStatus.py
Symlinking /home/alessio/Desktop/progetto-labiagi/catkin_ws/devel/lib/python2.7/dist-packages/srrg2_navigation_2d_msgs/msg/_CollisionAvoiderStatus.py
Symlinking /home/alessio/Desktop/progetto-labiagi/catkin_ws/devel/lib/python2.7/dist-packages/srrg2_navigation_2d_msgs/msg/_PathFollowerStatus.py
Symlinking /home/alessio/Desktop/progetto-labiagi/catkin_ws/devel/lib/python2.7/dist-packages/srrg2_navigation_2d_msgs/msg/__init__.py
Symlinking /home/alessio/Desktop/progetto-labiagi/catkin_ws/devel/lib/pkgconfig/srrg2_navigation_2d_msgs.pc
Symlinking /home/alessio/Desktop/progetto-labiagi/catkin_ws/devel/share/roseus/ros/srrg2_navigation_2d_msgs/manifest.l
Symlinking /home/alessio/Desktop/progetto-labiagi/catkin_ws/devel/share/roseus/ros/srrg2_navigation_2d_msgs/msg/CollisionAvoiderStatus.l
Symlinking /home/alessio/Desktop/progetto-labiagi/catkin_ws/devel/share/roseus/ros/srrg2_navigation_2d_msgs/msg/LocalPathPlannerStatus.l
Symlinking /home/alessio/Desktop/progetto-labiagi/catkin_ws/devel/share/roseus/ros/srrg2_navigation_2d_msgs/msg/PathFollowerStatus.l
Symlinking /home/alessio/Desktop/progetto-labiagi/catkin_ws/devel/share/gennodejs/ros/srrg2_navigation_2d_msgs/_index.js
Symlinking /home/alessio/Desktop/progetto-labiagi/catkin_ws/devel/share/gennodejs/ros/srrg2_navigation_2d_msgs/msg/_index.js
Symlinking /home/alessio/Desktop/progetto-labiagi/catkin_ws/devel/share/gennodejs/ros/srrg2_navigation_2d_msgs/msg/LocalPathPlannerStatus.js
Symlinking /home/alessio/Desktop/progetto-labiagi/catkin_ws/devel/share/gennodejs/ros/srrg2_navigation_2d_msgs/msg/CollisionAvoiderStatus.js
Symlinking /home/alessio/Desktop/progetto-labiagi/catkin_ws/devel/share/gennodejs/ros/srrg2_navigation_2d_msgs/msg/PathFollowerStatus.js
Symlinking /home/alessio/Desktop/progetto-labiagi/catkin_ws/devel/share/common-lisp/ros/srrg2_navigation_2d_msgs/msg/_package_CollisionAvoiderStatus.lisp
Symlinking /home/alessio/Desktop/progetto-labiagi/catkin_ws/devel/share/common-lisp/ros/srrg2_navigation_2d_msgs/msg/PathFollowerStatus.lisp
Symlinking /home/alessio/Desktop/progetto-labiagi/catkin_ws/devel/share/common-lisp/ros/srrg2_navigation_2d_msgs/msg/CollisionAvoiderStatus.lisp
Symlinking /home/alessio/Desktop/progetto-labiagi/catkin_ws/devel/share/common-lisp/ros/srrg2_navigation_2d_msgs/msg/_package_LocalPathPlannerStatus.lisp
Symlinking /home/alessio/Desktop/progetto-labiagi/catkin_ws/devel/share/common-lisp/ros/srrg2_navigation_2d_msgs/msg/_package.lisp
Symlinking /home/alessio/Desktop/progetto-labiagi/catkin_ws/devel/share/common-lisp/ros/srrg2_navigation_2d_msgs/msg/srrg2_navigation_2d_msgs-msg.asd
Symlinking /home/alessio/Desktop/progetto-labiagi/catkin_ws/devel/share/common-lisp/ros/srrg2_navigation_2d_msgs/msg/LocalPathPlannerStatus.lisp
Symlinking /home/alessio/Desktop/progetto-labiagi/catkin_ws/devel/share/common-lisp/ros/srrg2_navigation_2d_msgs/msg/_package_PathFollowerStatus.lisp
Symlinking /home/alessio/Desktop/progetto-labiagi/catkin_ws/devel/share/srrg2_navigation_2d_msgs/cmake/srrg2_navigation_2d_msgs-msg-extras.cmake
Symlinking /home/alessio/Desktop/progetto-labiagi/catkin_ws/devel/share/srrg2_navigation_2d_msgs/cmake/srrg2_navigation_2d_msgsConfig.cmake
Symlinking /home/alessio/Desktop/progetto-labiagi/catkin_ws/devel/share/srrg2_navigation_2d_msgs/cmake/srrg2_navigation_2d_msgsConfig-version.cmake
Symlinking /home/alessio/Desktop/progetto-labiagi/catkin_ws/devel/share/srrg2_navigation_2d_msgs/cmake/srrg2_navigation_2d_msgs-msg-paths.cmake
Symlinking /home/alessio/Desktop/progetto-labiagi/catkin_ws/devel/include/srrg2_navigation_2d_msgs/PathFollowerStatus.h
Symlinking /home/alessio/Desktop/progetto-labiagi/catkin_ws/devel/include/srrg2_navigation_2d_msgs/CollisionAvoiderStatus.h
Symlinking /home/alessio/Desktop/progetto-labiagi/catkin_ws/devel/include/srrg2_navigation_2d_msgs/LocalPathPlannerStatus.h
