[01m[K/home/alessio/Desktop/progetto-labiagi/catkin_ws/src/set_goal/src/SetGoal.cpp:[m[K In function ‘[01m[Kint main(int, char**)[m[K’:
[01m[K/home/alessio/Desktop/progetto-labiagi/catkin_ws/src/set_goal/src/SetGoal.cpp:124:20:[m[K [01;31m[Kerror: [m[K‘[01m[KT[m[K’ was not declared in this scope
     ros::Rate rate([01;31m[KT[m[K);
                    [01;31m[K^[m[K
[01m[K/home/alessio/Desktop/progetto-labiagi/catkin_ws/src/set_goal/src/SetGoal.cpp:131:10:[m[K [01;31m[Kerror: [m[K‘[01m[Ktimer1[m[K’ is not a member of ‘[01m[Kros[m[K’
     ros::[01;31m[Ktimer1[m[K = n.createTimer(ros::Duration(0.5),check1_CallBack);
          [01;31m[K^~~~~~[m[K
[01m[K/home/alessio/Desktop/progetto-labiagi/catkin_ws/src/set_goal/src/SetGoal.cpp:131:10:[m[K [01;36m[Knote: [m[Ksuggested alternative: ‘[01m[KTimer[m[K’
     ros::[01;36m[Ktimer1[m[K = n.createTimer(ros::Duration(0.5),check1_CallBack);
          [01;36m[K^~~~~~[m[K
          [32m[KTimer[m[K
[01m[K/home/alessio/Desktop/progetto-labiagi/catkin_ws/src/set_goal/src/SetGoal.cpp:132:10:[m[K [01;31m[Kerror: [m[K‘[01m[Ktimer2[m[K’ is not a member of ‘[01m[Kros[m[K’
     ros::[01;31m[Ktimer2[m[K = n.createTimer(ros::Duration(50),check2_CallBack);
          [01;31m[K^~~~~~[m[K
[01m[K/home/alessio/Desktop/progetto-labiagi/catkin_ws/src/set_goal/src/SetGoal.cpp:132:10:[m[K [01;36m[Knote: [m[Ksuggested alternative: ‘[01m[KTimer[m[K’
     ros::[01;36m[Ktimer2[m[K = n.createTimer(ros::Duration(50),check2_CallBack);
          [01;36m[K^~~~~~[m[K
          [32m[KTimer[m[K
make[2]: *** [CMakeFiles/SetGoal.dir/src/SetGoal.cpp.o] Error 1
make[1]: *** [CMakeFiles/SetGoal.dir/all] Error 2
make: *** [all] Error 2
