[36m--[0m Using CATKIN_DEVEL_PREFIX: /home/alessio/Desktop/progetto-labiagi/catkin_ws/devel/.private/set_goal
[36m--[0m Using CMAKE_PREFIX_PATH: /home/alessio/Desktop/progetto-labiagi/catkin_ws/devel;/home/alessio/Desktop/progetto-labiagi/catkin_ws/devel/.private/catkin_tools_prebuild;/home/alessio/Desktop/labiagi/workspaces/srrg2_labiagi/devel;/opt/ros/melodic;/home/alessio/catkin_ws/devel
[36m--[0m This workspace overlays: /home/alessio/Desktop/progetto-labiagi/catkin_ws/devel;/home/alessio/Desktop/progetto-labiagi/catkin_ws/devel/.private/catkin_tools_prebuild;/home/alessio/Desktop/labiagi/workspaces/srrg2_labiagi/devel;/opt/ros/melodic;/home/alessio/catkin_ws/devel
[36m--[0m Found PythonInterp: /usr/bin/python2 (found suitable version "2.7.17", minimum required is "2")
[36m--[0m Using PYTHON_EXECUTABLE: /usr/bin/python2
[36m--[0m Using Debian Python package layout
[36m--[0m Using empy: /usr/bin/empy
[36m--[0m Using CATKIN_ENABLE_TESTING: ON
[36m--[0m Call enable_testing()
[36m--[0m Using CATKIN_TEST_RESULTS_DIR: /home/alessio/Desktop/progetto-labiagi/catkin_ws/build/set_goal/test_results
[36m--[0m Found gtest sources under '/usr/src/googletest': gtests will be built
[36m--[0m Found gmock sources under '/usr/src/googletest': gmock will be built
[36m--[0m Found PythonInterp: /usr/bin/python2 (found version "2.7.17")
[36m--[0m Using Python nosetests: /usr/bin/nosetests-2.7
[36m--[0m catkin 0.7.29
[36m--[0m BUILD_SHARED_LIBS is on
[36m--[0m Using these message generators: gencpp;geneus;genlisp;gennodejs;genpy
[36m--[0m set_goal: 1 messages, 0 services
[33m[1mCMake Warning[0m at /opt/ros/melodic/share/catkin/cmake/catkin_package.cmake:166 (message):
  catkin_package() DEPENDS on 'system_lib' but neither
  'system_lib_INCLUDE_DIRS' nor 'system_lib_LIBRARIES' is defined.
[36mCall Stack (most recent call first):[0m
  /opt/ros/melodic/share/catkin/cmake/catkin_package.cmake:102 (_catkin_package)
  CMakeLists.txt:24 (catkin_package)


[31m[1mCMake Error[0m at /opt/ros/melodic/share/catkin/cmake/catkin_package.cmake:224 (message):
  catkin_package() DEPENDS on the catkin package 'message_generation' which
  must therefore be listed as a run dependency in the package.xml
[36mCall Stack (most recent call first):[0m
  /opt/ros/melodic/share/catkin/cmake/catkin_package.cmake:102 (_catkin_package)
  CMakeLists.txt:24 (catkin_package)


[36m--[0m Configuring incomplete, errors occurred!
See also "/home/alessio/Desktop/progetto-labiagi/catkin_ws/build/set_goal/CMakeFiles/CMakeOutput.log".
See also "/home/alessio/Desktop/progetto-labiagi/catkin_ws/build/set_goal/CMakeFiles/CMakeError.log".
Makefile:854: recipe for target 'cmake_check_build_system' failed
make: *** [cmake_check_build_system] Error 1
