Linked: (/home/alessiohu/Desktop/progetto-labiagi/catkin_ws/devel/.private/srrg2_core/share/srrg2_core/cmake/srrg2_coreConfig.cmake, /home/alessiohu/Desktop/progetto-labiagi/catkin_ws/devel/share/srrg2_core/cmake/srrg2_coreConfig.cmake)
Linked: (/home/alessiohu/Desktop/progetto-labiagi/catkin_ws/devel/.private/srrg2_core/share/srrg2_core/cmake/srrg2_coreConfig-version.cmake, /home/alessiohu/Desktop/progetto-labiagi/catkin_ws/devel/share/srrg2_core/cmake/srrg2_coreConfig-version.cmake)
Linked: (/home/alessiohu/Desktop/progetto-labiagi/catkin_ws/devel/.private/srrg2_core/lib/libsrrg2_point_cloud_library.so, /home/alessiohu/Desktop/progetto-labiagi/catkin_ws/devel/lib/libsrrg2_point_cloud_library.so)
Linked: (/home/alessiohu/Desktop/progetto-labiagi/catkin_ws/devel/.private/srrg2_core/lib/libsrrg2_viewer_library.so, /home/alessiohu/Desktop/progetto-labiagi/catkin_ws/devel/lib/libsrrg2_viewer_library.so)
Linked: (/home/alessiohu/Desktop/progetto-labiagi/catkin_ws/devel/.private/srrg2_core/lib/libsrrg2_matchable_library.so, /home/alessiohu/Desktop/progetto-labiagi/catkin_ws/devel/lib/libsrrg2_matchable_library.so)
Linked: (/home/alessiohu/Desktop/progetto-labiagi/catkin_ws/devel/.private/srrg2_core/lib/libsrrg2_geometry_library.so, /home/alessiohu/Desktop/progetto-labiagi/catkin_ws/devel/lib/libsrrg2_geometry_library.so)
Linked: (/home/alessiohu/Desktop/progetto-labiagi/catkin_ws/devel/.private/srrg2_core/lib/libsrrg2_image_library.so, /home/alessiohu/Desktop/progetto-labiagi/catkin_ws/devel/lib/libsrrg2_image_library.so)
Linked: (/home/alessiohu/Desktop/progetto-labiagi/catkin_ws/devel/.private/srrg2_core/lib/libsrrg2_configurable_shell_library.so, /home/alessiohu/Desktop/progetto-labiagi/catkin_ws/devel/lib/libsrrg2_configurable_shell_library.so)
Linked: (/home/alessiohu/Desktop/progetto-labiagi/catkin_ws/devel/.private/srrg2_core/lib/libsrrg2_system_utils_library.so, /home/alessiohu/Desktop/progetto-labiagi/catkin_ws/devel/lib/libsrrg2_system_utils_library.so)
Linked: (/home/alessiohu/Desktop/progetto-labiagi/catkin_ws/devel/.private/srrg2_core/lib/libsrrg2_config_library.so, /home/alessiohu/Desktop/progetto-labiagi/catkin_ws/devel/lib/libsrrg2_config_library.so)
Linked: (/home/alessiohu/Desktop/progetto-labiagi/catkin_ws/devel/.private/srrg2_core/lib/libsrrg2_property_library.so, /home/alessiohu/Desktop/progetto-labiagi/catkin_ws/devel/lib/libsrrg2_property_library.so)
Linked: (/home/alessiohu/Desktop/progetto-labiagi/catkin_ws/devel/.private/srrg2_core/lib/libsrrg2_viewer_core_library.so, /home/alessiohu/Desktop/progetto-labiagi/catkin_ws/devel/lib/libsrrg2_viewer_core_library.so)
Linked: (/home/alessiohu/Desktop/progetto-labiagi/catkin_ws/devel/.private/srrg2_core/lib/libsrrg2_messages_library.so, /home/alessiohu/Desktop/progetto-labiagi/catkin_ws/devel/lib/libsrrg2_messages_library.so)
Linked: (/home/alessiohu/Desktop/progetto-labiagi/catkin_ws/devel/.private/srrg2_core/lib/libsrrg2_data_structures_library.so, /home/alessiohu/Desktop/progetto-labiagi/catkin_ws/devel/lib/libsrrg2_data_structures_library.so)
Linked: (/home/alessiohu/Desktop/progetto-labiagi/catkin_ws/devel/.private/srrg2_core/lib/libsrrg2_boss_library.so, /home/alessiohu/Desktop/progetto-labiagi/catkin_ws/devel/lib/libsrrg2_boss_library.so)
Linked: (/home/alessiohu/Desktop/progetto-labiagi/catkin_ws/devel/.private/srrg2_core/lib/pkgconfig/srrg2_core.pc, /home/alessiohu/Desktop/progetto-labiagi/catkin_ws/devel/lib/pkgconfig/srrg2_core.pc)
Linked: (/home/alessiohu/Desktop/progetto-labiagi/catkin_ws/devel/.private/srrg2_core/lib/srrg2_core/app_test_viewer_buffer_manager, /home/alessiohu/Desktop/progetto-labiagi/catkin_ws/devel/lib/srrg2_core/app_test_viewer_buffer_manager)
Linked: (/home/alessiohu/Desktop/progetto-labiagi/catkin_ws/devel/.private/srrg2_core/lib/srrg2_core/app_test_point_cloud_polar, /home/alessiohu/Desktop/progetto-labiagi/catkin_ws/devel/lib/srrg2_core/app_test_point_cloud_polar)
Linked: (/home/alessiohu/Desktop/progetto-labiagi/catkin_ws/devel/.private/srrg2_core/lib/srrg2_core/image_loading, /home/alessiohu/Desktop/progetto-labiagi/catkin_ws/devel/lib/srrg2_core/image_loading)
Linked: (/home/alessiohu/Desktop/progetto-labiagi/catkin_ws/devel/.private/srrg2_core/lib/srrg2_core/command_line_example, /home/alessiohu/Desktop/progetto-labiagi/catkin_ws/devel/lib/srrg2_core/command_line_example)
Linked: (/home/alessiohu/Desktop/progetto-labiagi/catkin_ws/devel/.private/srrg2_core/lib/srrg2_core/messages_read_example, /home/alessiohu/Desktop/progetto-labiagi/catkin_ws/devel/lib/srrg2_core/messages_read_example)
Linked: (/home/alessiohu/Desktop/progetto-labiagi/catkin_ws/devel/.private/srrg2_core/lib/srrg2_core/field_pack_example, /home/alessiohu/Desktop/progetto-labiagi/catkin_ws/devel/lib/srrg2_core/field_pack_example)
Linked: (/home/alessiohu/Desktop/progetto-labiagi/catkin_ws/devel/.private/srrg2_core/lib/srrg2_core/kdtree_example, /home/alessiohu/Desktop/progetto-labiagi/catkin_ws/devel/lib/srrg2_core/kdtree_example)
Linked: (/home/alessiohu/Desktop/progetto-labiagi/catkin_ws/devel/.private/srrg2_core/lib/srrg2_core/app_test_viewer_shared_memory, /home/alessiohu/Desktop/progetto-labiagi/catkin_ws/devel/lib/srrg2_core/app_test_viewer_shared_memory)
Linked: (/home/alessiohu/Desktop/progetto-labiagi/catkin_ws/devel/.private/srrg2_core/lib/srrg2_core/boss_shared_example, /home/alessiohu/Desktop/progetto-labiagi/catkin_ws/devel/lib/srrg2_core/boss_shared_example)
Linked: (/home/alessiohu/Desktop/progetto-labiagi/catkin_ws/devel/.private/srrg2_core/lib/srrg2_core/point_cloud_example, /home/alessiohu/Desktop/progetto-labiagi/catkin_ws/devel/lib/srrg2_core/point_cloud_example)
Linked: (/home/alessiohu/Desktop/progetto-labiagi/catkin_ws/devel/.private/srrg2_core/lib/srrg2_core/app_test_point_matrix_processor, /home/alessiohu/Desktop/progetto-labiagi/catkin_ws/devel/lib/srrg2_core/app_test_point_matrix_processor)
Linked: (/home/alessiohu/Desktop/progetto-labiagi/catkin_ws/devel/.private/srrg2_core/lib/srrg2_core/app_test_viewer_packets_factory, /home/alessiohu/Desktop/progetto-labiagi/catkin_ws/devel/lib/srrg2_core/app_test_viewer_packets_factory)
Linked: (/home/alessiohu/Desktop/progetto-labiagi/catkin_ws/devel/.private/srrg2_core/lib/srrg2_core/app_test_point_ops, /home/alessiohu/Desktop/progetto-labiagi/catkin_ws/devel/lib/srrg2_core/app_test_point_ops)
Linked: (/home/alessiohu/Desktop/progetto-labiagi/catkin_ws/devel/.private/srrg2_core/lib/srrg2_core/app_test_distance_map, /home/alessiohu/Desktop/progetto-labiagi/catkin_ws/devel/lib/srrg2_core/app_test_distance_map)
Linked: (/home/alessiohu/Desktop/progetto-labiagi/catkin_ws/devel/.private/srrg2_core/lib/srrg2_core/message_sorter_example, /home/alessiohu/Desktop/progetto-labiagi/catkin_ws/devel/lib/srrg2_core/message_sorter_example)
Linked: (/home/alessiohu/Desktop/progetto-labiagi/catkin_ws/devel/.private/srrg2_core/lib/srrg2_core/preemptible_example, /home/alessiohu/Desktop/progetto-labiagi/catkin_ws/devel/lib/srrg2_core/preemptible_example)
Linked: (/home/alessiohu/Desktop/progetto-labiagi/catkin_ws/devel/.private/srrg2_core/lib/srrg2_core/app_test_viewer_packets_serialization, /home/alessiohu/Desktop/progetto-labiagi/catkin_ws/devel/lib/srrg2_core/app_test_viewer_packets_serialization)
Linked: (/home/alessiohu/Desktop/progetto-labiagi/catkin_ws/devel/.private/srrg2_core/lib/srrg2_core/messages_write_example, /home/alessiohu/Desktop/progetto-labiagi/catkin_ws/devel/lib/srrg2_core/messages_write_example)
Linked: (/home/alessiohu/Desktop/progetto-labiagi/catkin_ws/devel/.private/srrg2_core/lib/srrg2_core/boss_example, /home/alessiohu/Desktop/progetto-labiagi/catkin_ws/devel/lib/srrg2_core/boss_example)
Linked: (/home/alessiohu/Desktop/progetto-labiagi/catkin_ws/devel/.private/srrg2_core/lib/srrg2_core/shell_colors_example, /home/alessiohu/Desktop/progetto-labiagi/catkin_ws/devel/lib/srrg2_core/shell_colors_example)
Linked: (/home/alessiohu/Desktop/progetto-labiagi/catkin_ws/devel/.private/srrg2_core/lib/srrg2_core/message_synchronizer_example, /home/alessiohu/Desktop/progetto-labiagi/catkin_ws/devel/lib/srrg2_core/message_synchronizer_example)
Linked: (/home/alessiohu/Desktop/progetto-labiagi/catkin_ws/devel/.private/srrg2_core/lib/srrg2_core/app_test_point_cloud_pinhole, /home/alessiohu/Desktop/progetto-labiagi/catkin_ws/devel/lib/srrg2_core/app_test_point_cloud_pinhole)
Linked: (/home/alessiohu/Desktop/progetto-labiagi/catkin_ws/devel/.private/srrg2_core/lib/srrg2_core/container_pack_example, /home/alessiohu/Desktop/progetto-labiagi/catkin_ws/devel/lib/srrg2_core/container_pack_example)
Linked: (/home/alessiohu/Desktop/progetto-labiagi/catkin_ws/devel/.private/srrg2_core/lib/srrg2_core/app_test_cloud_intensity, /home/alessiohu/Desktop/progetto-labiagi/catkin_ws/devel/lib/srrg2_core/app_test_cloud_intensity)
Linked: (/home/alessiohu/Desktop/progetto-labiagi/catkin_ws/devel/.private/srrg2_core/lib/srrg2_core/app_test_normal_computation, /home/alessiohu/Desktop/progetto-labiagi/catkin_ws/devel/lib/srrg2_core/app_test_normal_computation)
Linked: (/home/alessiohu/Desktop/progetto-labiagi/catkin_ws/devel/.private/srrg2_core/lib/srrg2_core/matrix_example, /home/alessiohu/Desktop/progetto-labiagi/catkin_ws/devel/lib/srrg2_core/matrix_example)
Linked: (/home/alessiohu/Desktop/progetto-labiagi/catkin_ws/devel/.private/srrg2_core/lib/srrg2_core/boss_property_example, /home/alessiohu/Desktop/progetto-labiagi/catkin_ws/devel/lib/srrg2_core/boss_property_example)
Linked: (/home/alessiohu/Desktop/progetto-labiagi/catkin_ws/devel/.private/srrg2_core/lib/srrg2_core/timestamp_filter_example, /home/alessiohu/Desktop/progetto-labiagi/catkin_ws/devel/lib/srrg2_core/timestamp_filter_example)
