[  1%] Built target field_pack_example
[  2%] Built target container_pack_example
[  4%] Built target srrg2_geometry_library
[  8%] Built target srrg2_system_utils_library
[ 17%] Built target srrg2_boss_library
[ 18%] Built target command_line_example
[ 19%] Built target kdtree_example
[ 20%] Built target matrix_example
[ 21%] Built target boss_shared_example
[ 22%] Built target boss_example
[ 23%] Built target shell_colors_example
[ 25%] Built target timestamp_filter_example
[ 28%] Built target srrg2_property_library
[ 29%] Built target srrg2_image_library
[ 31%] Built target srrg2_config_library
[ 32%] Built target boss_property_example
[ 34%] Built target image_loading
[ 39%] Built target srrg2_data_structures_library
[ 41%] Built target srrg2_point_cloud_library
[ 42%] Built target app_test_point_matrix_processor
[ 44%] Built target app_test_normal_computation
[ 44%] Built target app_test_cloud_intensity
[ 45%] Built target app_test_point_cloud_pinhole
[ 48%] Built target app_test_point_ops
[ 48%] Built target srrg2_matchable_library
[ 48%] Built target app_test_distance_map
[ 50%] Built target app_test_point_cloud_polar
[ 51%] Built target point_cloud_example
[ 55%] Built target srrg2_viewer_core_library
[ 56%] Built target app_test_viewer_packets_factory
[ 57%] Built target app_test_viewer_buffer_manager
[ 60%] Built target app_test_viewer_shared_memory
[ 59%] Built target app_test_viewer_packets_serialization
[ 65%] Built target srrg2_viewer_library
[ 91%] Built target srrg2_messages_library
[ 92%] Built target messages_read_example
[ 93%] Built target messages_write_example
[ 94%] Built target message_sorter_example
[ 96%] Built target message_synchronizer_example
[ 98%] Built target srrg2_configurable_shell_library
[100%] Built target preemptible_example
