Symlinking /home/alessiohu/Desktop/progetto-labiagi/catkin_ws/devel/share/srrg2_core/cmake/srrg2_coreConfig.cmake
Symlinking /home/alessiohu/Desktop/progetto-labiagi/catkin_ws/devel/share/srrg2_core/cmake/srrg2_coreConfig-version.cmake
Symlinking /home/alessiohu/Desktop/progetto-labiagi/catkin_ws/devel/lib/libsrrg2_viewer_library.so
Symlinking /home/alessiohu/Desktop/progetto-labiagi/catkin_ws/devel/lib/libsrrg2_geometry_library.so
Symlinking /home/alessiohu/Desktop/progetto-labiagi/catkin_ws/devel/lib/libsrrg2_viewer_core_library.so
Symlinking /home/alessiohu/Desktop/progetto-labiagi/catkin_ws/devel/lib/libsrrg2_config_library.so
Symlinking /home/alessiohu/Desktop/progetto-labiagi/catkin_ws/devel/lib/libsrrg2_configurable_shell_library.so
Symlinking /home/alessiohu/Desktop/progetto-labiagi/catkin_ws/devel/lib/libsrrg2_boss_library.so
Symlinking /home/alessiohu/Desktop/progetto-labiagi/catkin_ws/devel/lib/libsrrg2_messages_library.so
Symlinking /home/alessiohu/Desktop/progetto-labiagi/catkin_ws/devel/lib/libsrrg2_data_structures_library.so
Symlinking /home/alessiohu/Desktop/progetto-labiagi/catkin_ws/devel/lib/libsrrg2_image_library.so
Symlinking /home/alessiohu/Desktop/progetto-labiagi/catkin_ws/devel/lib/libsrrg2_system_utils_library.so
Symlinking /home/alessiohu/Desktop/progetto-labiagi/catkin_ws/devel/lib/libsrrg2_property_library.so
Symlinking /home/alessiohu/Desktop/progetto-labiagi/catkin_ws/devel/lib/libsrrg2_point_cloud_library.so
Symlinking /home/alessiohu/Desktop/progetto-labiagi/catkin_ws/devel/lib/libsrrg2_matchable_library.so
Symlinking /home/alessiohu/Desktop/progetto-labiagi/catkin_ws/devel/lib/srrg2_core/image_loading
Symlinking /home/alessiohu/Desktop/progetto-labiagi/catkin_ws/devel/lib/srrg2_core/kdtree_example
Symlinking /home/alessiohu/Desktop/progetto-labiagi/catkin_ws/devel/lib/srrg2_core/app_test_viewer_shared_memory
Symlinking /home/alessiohu/Desktop/progetto-labiagi/catkin_ws/devel/lib/srrg2_core/app_test_point_ops
Symlinking /home/alessiohu/Desktop/progetto-labiagi/catkin_ws/devel/lib/srrg2_core/app_test_viewer_buffer_manager
Symlinking /home/alessiohu/Desktop/progetto-labiagi/catkin_ws/devel/lib/srrg2_core/app_test_viewer_packets_serialization
Symlinking /home/alessiohu/Desktop/progetto-labiagi/catkin_ws/devel/lib/srrg2_core/app_test_normal_computation
Symlinking /home/alessiohu/Desktop/progetto-labiagi/catkin_ws/devel/lib/srrg2_core/shell_colors_example
Symlinking /home/alessiohu/Desktop/progetto-labiagi/catkin_ws/devel/lib/srrg2_core/boss_property_example
Symlinking /home/alessiohu/Desktop/progetto-labiagi/catkin_ws/devel/lib/srrg2_core/timestamp_filter_example
Symlinking /home/alessiohu/Desktop/progetto-labiagi/catkin_ws/devel/lib/srrg2_core/app_test_point_cloud_pinhole
Symlinking /home/alessiohu/Desktop/progetto-labiagi/catkin_ws/devel/lib/srrg2_core/boss_example
Symlinking /home/alessiohu/Desktop/progetto-labiagi/catkin_ws/devel/lib/srrg2_core/app_test_point_matrix_processor
Symlinking /home/alessiohu/Desktop/progetto-labiagi/catkin_ws/devel/lib/srrg2_core/boss_shared_example
Symlinking /home/alessiohu/Desktop/progetto-labiagi/catkin_ws/devel/lib/srrg2_core/messages_read_example
Symlinking /home/alessiohu/Desktop/progetto-labiagi/catkin_ws/devel/lib/srrg2_core/message_sorter_example
Symlinking /home/alessiohu/Desktop/progetto-labiagi/catkin_ws/devel/lib/srrg2_core/app_test_viewer_packets_factory
Symlinking /home/alessiohu/Desktop/progetto-labiagi/catkin_ws/devel/lib/srrg2_core/messages_write_example
Symlinking /home/alessiohu/Desktop/progetto-labiagi/catkin_ws/devel/lib/srrg2_core/point_cloud_example
Symlinking /home/alessiohu/Desktop/progetto-labiagi/catkin_ws/devel/lib/srrg2_core/preemptible_example
Symlinking /home/alessiohu/Desktop/progetto-labiagi/catkin_ws/devel/lib/srrg2_core/matrix_example
Symlinking /home/alessiohu/Desktop/progetto-labiagi/catkin_ws/devel/lib/srrg2_core/app_test_cloud_intensity
Symlinking /home/alessiohu/Desktop/progetto-labiagi/catkin_ws/devel/lib/srrg2_core/command_line_example
Symlinking /home/alessiohu/Desktop/progetto-labiagi/catkin_ws/devel/lib/srrg2_core/app_test_point_cloud_polar
Symlinking /home/alessiohu/Desktop/progetto-labiagi/catkin_ws/devel/lib/srrg2_core/container_pack_example
Symlinking /home/alessiohu/Desktop/progetto-labiagi/catkin_ws/devel/lib/srrg2_core/message_synchronizer_example
Symlinking /home/alessiohu/Desktop/progetto-labiagi/catkin_ws/devel/lib/srrg2_core/app_test_distance_map
Symlinking /home/alessiohu/Desktop/progetto-labiagi/catkin_ws/devel/lib/srrg2_core/field_pack_example
Symlinking /home/alessiohu/Desktop/progetto-labiagi/catkin_ws/devel/lib/pkgconfig/srrg2_core.pc
