[  1%] Built target field_pack_example
[  3%] Built target srrg2_geometry_library
[  7%] Built target srrg2_system_utils_library
[ 15%] Built target srrg2_boss_library
[ 17%] Built target container_pack_example
[ 18%] Built target command_line_example
[ 19%] Built target kdtree_example
[ 20%] Built target boss_shared_example
[ 21%] Built target matrix_example
[ 22%] Built target shell_colors_example
[ 23%] Built target boss_example
[ 25%] Built target timestamp_filter_example
[ 28%] Built target srrg2_property_library
[ 29%] Built target srrg2_image_library
[ 30%] Built target boss_property_example
[ 32%] Built target srrg2_config_library
[ 34%] Built target image_loading
[ 35%] Built target app_test_point_matrix_processor
[ 37%] Built target srrg2_point_cloud_library
[ 42%] Built target srrg2_data_structures_library
[ 43%] Built target srrg2_matchable_library
[ 44%] Built target point_cloud_example
[ 45%] Built target app_test_point_cloud_polar
[ 46%] Built target app_test_distance_map
[ 47%] Built target app_test_point_ops
[ 48%] Built target app_test_normal_computation
[ 50%] Built target app_test_cloud_intensity
[ 51%] Built target app_test_point_cloud_pinhole
[ 55%] Built target srrg2_viewer_core_library
[ 58%] Built target app_test_viewer_packets_factory
[ 58%] Built target app_test_viewer_shared_memory
[ 59%] Built target app_test_viewer_packets_serialization
[ 60%] Built target app_test_viewer_buffer_manager
[ 65%] Built target srrg2_viewer_library
[ 91%] Built target srrg2_messages_library
[ 94%] Built target message_synchronizer_example
[ 94%] Built target messages_read_example
[ 95%] Built target messages_write_example
[ 96%] Built target message_sorter_example
[ 98%] Built target srrg2_configurable_shell_library
[100%] Built target preemptible_example
