[  4%] Built target srrg2_system_utils_library
[  6%] Built target srrg2_geometry_library
[  7%] Built target field_pack_example
[ 15%] Built target srrg2_boss_library
[ 17%] Built target kdtree_example
[ 18%] Built target matrix_example
[ 19%] Built target container_pack_example
[ 20%] Built target boss_example
[ 21%] Built target shell_colors_example
[ 23%] Built target timestamp_filter_example
[ 26%] Built target srrg2_property_library
[ 27%] Built target command_line_example
[ 28%] Built target srrg2_image_library
[ 29%] Built target boss_shared_example
[ 31%] Built target srrg2_config_library
[ 32%] Built target boss_property_example
[ 34%] Built target image_loading
[ 36%] Built target srrg2_point_cloud_library
[ 37%] Built target app_test_point_matrix_processor
[ 42%] Built target srrg2_data_structures_library
[ 43%] Built target srrg2_matchable_library
[ 44%] Built target point_cloud_example
[ 45%] Built target app_test_point_ops
[ 46%] Built target app_test_point_cloud_polar
[ 47%] Built target app_test_point_cloud_pinhole
[ 48%] Built target app_test_distance_map
[ 53%] Built target srrg2_viewer_core_library
[ 54%] Built target app_test_normal_computation
[ 55%] Built target app_test_cloud_intensity
[ 56%] Built target app_test_viewer_packets_serialization
[ 57%] Built target app_test_viewer_packets_factory
[ 59%] Built target app_test_viewer_shared_memory
[ 60%] Built target app_test_viewer_buffer_manager
[ 65%] Built target srrg2_viewer_library
[ 91%] Built target srrg2_messages_library
[ 93%] Built target messages_read_example
[ 93%] Built target message_sorter_example
[ 94%] Built target messages_write_example
[ 96%] Built target message_synchronizer_example
[ 98%] Built target srrg2_configurable_shell_library
[100%] Built target preemptible_example
