Determining if the pthread_create exist failed with the following output:
Change Dir: /home/alessiohu/Desktop/progetto-labiagi/catkin_ws/build/srrg2_navigation_2d_ros/CMakeFiles/CMakeTmp

Run Build Command:"/usr/bin/make" "cmTC_bcb68/fast"
/usr/bin/make -f CMakeFiles/cmTC_bcb68.dir/build.make CMakeFiles/cmTC_bcb68.dir/build
make[1]: Entering directory '/home/alessiohu/Desktop/progetto-labiagi/catkin_ws/build/srrg2_navigation_2d_ros/CMakeFiles/CMakeTmp'
Building C object CMakeFiles/cmTC_bcb68.dir/CheckSymbolExists.c.o
/usr/bin/cc    -o CMakeFiles/cmTC_bcb68.dir/CheckSymbolExists.c.o   -c /home/alessiohu/Desktop/progetto-labiagi/catkin_ws/build/srrg2_navigation_2d_ros/CMakeFiles/CMakeTmp/CheckSymbolExists.c
Linking C executable cmTC_bcb68
/usr/bin/cmake -E cmake_link_script CMakeFiles/cmTC_bcb68.dir/link.txt --verbose=1
/usr/bin/cc      -rdynamic CMakeFiles/cmTC_bcb68.dir/CheckSymbolExists.c.o  -o cmTC_bcb68 
CMakeFiles/cmTC_bcb68.dir/CheckSymbolExists.c.o: In function `main':
CheckSymbolExists.c:(.text+0x1b): undefined reference to `pthread_create'
collect2: error: ld returned 1 exit status
CMakeFiles/cmTC_bcb68.dir/build.make:97: recipe for target 'cmTC_bcb68' failed
make[1]: *** [cmTC_bcb68] Error 1
make[1]: Leaving directory '/home/alessiohu/Desktop/progetto-labiagi/catkin_ws/build/srrg2_navigation_2d_ros/CMakeFiles/CMakeTmp'
Makefile:126: recipe for target 'cmTC_bcb68/fast' failed
make: *** [cmTC_bcb68/fast] Error 2

File /home/alessiohu/Desktop/progetto-labiagi/catkin_ws/build/srrg2_navigation_2d_ros/CMakeFiles/CMakeTmp/CheckSymbolExists.c:
/* */
#include <pthread.h>

int main(int argc, char** argv)
{
  (void)argv;
#ifndef pthread_create
  return ((int*)(&pthread_create))[argc];
#else
  (void)argc;
  return 0;
#endif
}

Determining if the function pthread_create exists in the pthreads failed with the following output:
Change Dir: /home/alessiohu/Desktop/progetto-labiagi/catkin_ws/build/srrg2_navigation_2d_ros/CMakeFiles/CMakeTmp

Run Build Command:"/usr/bin/make" "cmTC_e3fce/fast"
/usr/bin/make -f CMakeFiles/cmTC_e3fce.dir/build.make CMakeFiles/cmTC_e3fce.dir/build
make[1]: Entering directory '/home/alessiohu/Desktop/progetto-labiagi/catkin_ws/build/srrg2_navigation_2d_ros/CMakeFiles/CMakeTmp'
Building C object CMakeFiles/cmTC_e3fce.dir/CheckFunctionExists.c.o
/usr/bin/cc   -DCHECK_FUNCTION_EXISTS=pthread_create   -o CMakeFiles/cmTC_e3fce.dir/CheckFunctionExists.c.o   -c /usr/share/cmake-3.10/Modules/CheckFunctionExists.c
Linking C executable cmTC_e3fce
/usr/bin/cmake -E cmake_link_script CMakeFiles/cmTC_e3fce.dir/link.txt --verbose=1
/usr/bin/cc  -DCHECK_FUNCTION_EXISTS=pthread_create    -rdynamic CMakeFiles/cmTC_e3fce.dir/CheckFunctionExists.c.o  -o cmTC_e3fce -lpthreads 
/usr/bin/ld: cannot find -lpthreads
collect2: error: ld returned 1 exit status
CMakeFiles/cmTC_e3fce.dir/build.make:97: recipe for target 'cmTC_e3fce' failed
make[1]: *** [cmTC_e3fce] Error 1
make[1]: Leaving directory '/home/alessiohu/Desktop/progetto-labiagi/catkin_ws/build/srrg2_navigation_2d_ros/CMakeFiles/CMakeTmp'
Makefile:126: recipe for target 'cmTC_e3fce/fast' failed
make: *** [cmTC_e3fce/fast] Error 2


