Determining if the pthread_create exist failed with the following output:
Change Dir: /home/alessio/Desktop/progetto-labiagi/catkin_ws/build/srrg2_navigation_2d_msgs/CMakeFiles/CMakeTmp

Run Build Command:"/usr/bin/make" "cmTC_79272/fast"
/usr/bin/make -f CMakeFiles/cmTC_79272.dir/build.make CMakeFiles/cmTC_79272.dir/build
make[1]: Entering directory '/home/alessio/Desktop/progetto-labiagi/catkin_ws/build/srrg2_navigation_2d_msgs/CMakeFiles/CMakeTmp'
Building C object CMakeFiles/cmTC_79272.dir/CheckSymbolExists.c.o
/usr/bin/cc    -o CMakeFiles/cmTC_79272.dir/CheckSymbolExists.c.o   -c /home/alessio/Desktop/progetto-labiagi/catkin_ws/build/srrg2_navigation_2d_msgs/CMakeFiles/CMakeTmp/CheckSymbolExists.c
Linking C executable cmTC_79272
/usr/bin/cmake -E cmake_link_script CMakeFiles/cmTC_79272.dir/link.txt --verbose=1
/usr/bin/cc      -rdynamic CMakeFiles/cmTC_79272.dir/CheckSymbolExists.c.o  -o cmTC_79272 
CMakeFiles/cmTC_79272.dir/CheckSymbolExists.c.o: In function `main':
CheckSymbolExists.c:(.text+0x1b): undefined reference to `pthread_create'
collect2: error: ld returned 1 exit status
CMakeFiles/cmTC_79272.dir/build.make:97: recipe for target 'cmTC_79272' failed
make[1]: *** [cmTC_79272] Error 1
make[1]: Leaving directory '/home/alessio/Desktop/progetto-labiagi/catkin_ws/build/srrg2_navigation_2d_msgs/CMakeFiles/CMakeTmp'
Makefile:126: recipe for target 'cmTC_79272/fast' failed
make: *** [cmTC_79272/fast] Error 2

File /home/alessio/Desktop/progetto-labiagi/catkin_ws/build/srrg2_navigation_2d_msgs/CMakeFiles/CMakeTmp/CheckSymbolExists.c:
/* */
#include <pthread.h>

int main(int argc, char** argv)
{
  (void)argv;
#ifndef pthread_create
  return ((int*)(&pthread_create))[argc];
#else
  (void)argc;
  return 0;
#endif
}

Determining if the function pthread_create exists in the pthreads failed with the following output:
Change Dir: /home/alessio/Desktop/progetto-labiagi/catkin_ws/build/srrg2_navigation_2d_msgs/CMakeFiles/CMakeTmp

Run Build Command:"/usr/bin/make" "cmTC_fdc99/fast"
/usr/bin/make -f CMakeFiles/cmTC_fdc99.dir/build.make CMakeFiles/cmTC_fdc99.dir/build
make[1]: Entering directory '/home/alessio/Desktop/progetto-labiagi/catkin_ws/build/srrg2_navigation_2d_msgs/CMakeFiles/CMakeTmp'
Building C object CMakeFiles/cmTC_fdc99.dir/CheckFunctionExists.c.o
/usr/bin/cc   -DCHECK_FUNCTION_EXISTS=pthread_create   -o CMakeFiles/cmTC_fdc99.dir/CheckFunctionExists.c.o   -c /usr/share/cmake-3.10/Modules/CheckFunctionExists.c
Linking C executable cmTC_fdc99
/usr/bin/cmake -E cmake_link_script CMakeFiles/cmTC_fdc99.dir/link.txt --verbose=1
/usr/bin/cc  -DCHECK_FUNCTION_EXISTS=pthread_create    -rdynamic CMakeFiles/cmTC_fdc99.dir/CheckFunctionExists.c.o  -o cmTC_fdc99 -lpthreads 
/usr/bin/ld: cannot find -lpthreads
collect2: error: ld returned 1 exit status
CMakeFiles/cmTC_fdc99.dir/build.make:97: recipe for target 'cmTC_fdc99' failed
make[1]: *** [cmTC_fdc99] Error 1
make[1]: Leaving directory '/home/alessio/Desktop/progetto-labiagi/catkin_ws/build/srrg2_navigation_2d_msgs/CMakeFiles/CMakeTmp'
Makefile:126: recipe for target 'cmTC_fdc99/fast' failed
make: *** [cmTC_fdc99/fast] Error 2


